[2025-07-06 19:38:08] [INFO] [bot] 코그 로드 완료: autoguest.py
[2025-07-06 19:38:08] [INFO] [bot] 코그 로드 완료: interview.py
[2025-07-06 19:38:08] [INFO] [bot] 코그 로드 완료: scraper.py
[2025-07-06 19:38:08] [INFO] [bot] 코그 로드 완료: ticket.py
[2025-07-06 19:38:08] [INFO] [bot] 코그 로드 완료: voice.py
[2025-07-06 19:38:08] [INFO] [bot] 코그 로드 완료: welcomegoodbye.py
[2025-07-06 19:38:09] [INFO] [bot] 슬래시 명령어 동기화 완료.
[2025-07-06 19:38:11] [INFO] [bot] Exceed#0164 (ID: 1389668557759189052) 로 로그인 성공
[2025-07-06 19:38:11] [INFO] [bot] Persistent view 등록 완료
[2025-07-06 19:38:11] [INFO] [bot] 📨・지원서-제출 채널에 인터뷰 요청 버튼과 메시지를 보냈습니다.
[2025-07-06 19:38:12] [INFO] [bot] 📬・문의하기 채널에 버튼과 함께 문의 요청 메시지를 보냈습니다.
[2025-07-06 19:39:36] [INFO] [bot] 코그 로드 완료: autoguest.py
[2025-07-06 19:39:36] [INFO] [bot] 코그 로드 완료: interview.py
[2025-07-06 19:39:36] [INFO] [bot] 코그 로드 완료: scraper.py
[2025-07-06 19:39:36] [INFO] [bot] 코그 로드 완료: ticket.py
[2025-07-06 19:39:36] [INFO] [bot] 코그 로드 완료: voice.py
[2025-07-06 19:39:36] [INFO] [bot] 코그 로드 완료: welcomegoodbye.py
[2025-07-06 19:39:37] [INFO] [bot] 슬래시 명령어 동기화 완료.
[2025-07-06 19:39:39] [INFO] [bot] Exceed#0164 (ID: 1389668557759189052) 로 로그인 성공
[2025-07-06 19:39:39] [INFO] [bot] Persistent view 등록 완료
[2025-07-06 19:39:39] [INFO] [bot] 📨・지원서-제출 채널에 인터뷰 요청 버튼과 메시지를 보냈습니다.
[2025-07-06 19:39:40] [INFO] [bot] 📬・문의하기 채널에 버튼과 함께 문의 요청 메시지를 보냈습니다.
[2025-07-06 19:40:17] [INFO] [bot] 코그 로드 완료: autoguest.py
[2025-07-06 19:40:17] [INFO] [bot] 코그 로드 완료: interview.py
[2025-07-06 19:40:17] [INFO] [bot] 코그 로드 완료: scraper.py
[2025-07-06 19:40:17] [INFO] [bot] 코그 로드 완료: ticket.py
[2025-07-06 19:40:17] [INFO] [bot] 코그 로드 완료: voice.py
[2025-07-06 19:40:17] [INFO] [bot] 코그 로드 완료: welcomegoodbye.py
[2025-07-06 19:40:17] [INFO] [bot] 슬래시 명령어 동기화 완료.
[2025-07-06 19:40:19] [INFO] [bot] Exceed#0164 (ID: 1389668557759189052) 로 로그인 성공
[2025-07-06 19:40:19] [INFO] [bot] Persistent view 등록 완료
[2025-07-06 19:40:20] [INFO] [bot] 📨・지원서-제출 채널에 인터뷰 요청 버튼과 메시지를 보냈습니다.
[2025-07-06 19:40:20] [INFO] [bot] 📬・문의하기 채널에 버튼과 함께 문의 요청 메시지를 보냈습니다.
[2025-07-06 19:40:43] [INFO] [bot] 코그 로드 완료: autoguest.py
[2025-07-06 19:40:43] [INFO] [bot] 코그 로드 완료: interview.py
[2025-07-06 19:40:43] [INFO] [bot] 코그 로드 완료: scraper.py
[2025-07-06 19:40:43] [INFO] [bot] 코그 로드 완료: ticket.py
[2025-07-06 19:40:43] [INFO] [bot] 코그 로드 완료: voice.py
[2025-07-06 19:40:43] [INFO] [bot] 코그 로드 완료: welcomegoodbye.py
[2025-07-06 19:41:17] [INFO] [bot] 슬래시 명령어 동기화 완료.
[2025-07-06 19:41:19] [INFO] [bot] Exceed#0164 (ID: 1389668557759189052) 로 로그인 성공
[2025-07-06 19:41:19] [INFO] [bot] Persistent view 등록 완료
[2025-07-06 19:41:20] [INFO] [bot] 📨・지원서-제출 채널에 인터뷰 요청 버튼과 메시지를 보냈습니다.
[2025-07-06 19:41:20] [INFO] [bot] 📬・문의하기 채널에 버튼과 함께 문의 요청 메시지를 보냈습니다.
[2025-07-06 19:41:48] [INFO] [bot] 코그 로드 완료: autoguest.py
[2025-07-06 19:41:48] [INFO] [bot] 코그 로드 완료: interview.py
[2025-07-06 19:41:48] [INFO] [bot] 코그 로드 완료: scraper.py
[2025-07-06 19:41:48] [INFO] [bot] 코그 로드 완료: ticket.py
[2025-07-06 19:41:48] [INFO] [bot] 코그 로드 완료: voice.py
[2025-07-06 19:41:48] [INFO] [bot] 코그 로드 완료: welcomegoodbye.py
[2025-07-06 19:41:48] [INFO] [bot] 슬래시 명령어 동기화 완료.
[2025-07-06 19:41:50] [INFO] [bot] Exceed#0164 (ID: 1389668557759189052) 로 로그인 성공
[2025-07-06 19:41:50] [INFO] [bot] Persistent view 등록 완료
[2025-07-06 19:41:50] [INFO] [bot] 📨・지원서-제출 채널에 인터뷰 요청 버튼과 메시지를 보냈습니다.
[2025-07-06 19:41:51] [INFO] [bot] 📬・문의하기 채널에 버튼과 함께 문의 요청 메시지를 보냈습니다.
[2025-07-06 19:45:45] [INFO] [bot] 코그 로드 완료: autoguest.py
[2025-07-06 19:45:45] [INFO] [bot] 코그 로드 완료: interview.py
[2025-07-06 19:45:45] [INFO] [bot] 코그 로드 완료: scraper.py
[2025-07-06 19:45:45] [INFO] [bot] 코그 로드 완료: ticket.py
[2025-07-06 19:45:45] [INFO] [bot] 코그 로드 완료: voice.py
[2025-07-06 19:45:45] [INFO] [bot] 코그 로드 완료: welcomegoodbye.py
[2025-07-06 19:45:45] [INFO] [bot] 슬래시 명령어 동기화 완료.
[2025-07-06 19:45:47] [INFO] [bot] Exceed#0164 (ID: 1389668557759189052) 로 로그인 성공
[2025-07-06 19:45:47] [INFO] [bot] Persistent view 등록 완료
[2025-07-06 19:45:48] [INFO] [bot] 📨・지원서-제출 채널에 인터뷰 요청 버튼과 메시지를 보냈습니다.
[2025-07-06 19:45:48] [INFO] [bot] 📬・문의하기 채널에 버튼과 함께 문의 요청 메시지를 보냈습니다.
[2025-07-06 19:48:06] [INFO] [bot] 코그 로드 완료: autoguest.py
[2025-07-06 19:48:06] [INFO] [bot] 코그 로드 완료: interview.py
[2025-07-06 19:48:06] [INFO] [bot] 코그 로드 완료: scraper.py
[2025-07-06 19:48:06] [INFO] [bot] 코그 로드 완료: ticket.py
[2025-07-06 19:48:06] [INFO] [bot] 코그 로드 완료: voice.py
[2025-07-06 19:48:06] [INFO] [bot] 코그 로드 완료: welcomegoodbye.py
[2025-07-06 19:48:06] [INFO] [bot] 슬래시 명령어 동기화 완료.
[2025-07-06 19:48:08] [INFO] [bot] Exceed#0164 (ID: 1389668557759189052) 로 로그인 성공
[2025-07-06 19:48:08] [INFO] [bot] Persistent view 등록 완료
[2025-07-06 19:48:09] [INFO] [bot] 📨・지원서-제출 채널에 인터뷰 요청 버튼과 메시지를 보냈습니다.
[2025-07-06 19:48:09] [INFO] [bot] 📬・문의하기 채널에 버튼과 함께 문의 요청 메시지를 보냈습니다.
[2025-07-06 19:49:44] [INFO] [bot] 코그 로드 완료: autoguest.py
[2025-07-06 19:49:44] [INFO] [bot] 코그 로드 완료: interview.py
[2025-07-06 19:49:44] [INFO] [bot] 코그 로드 완료: scraper.py
[2025-07-06 19:49:44] [INFO] [bot] 코그 로드 완료: ticket.py
[2025-07-06 19:49:44] [INFO] [bot] 코그 로드 완료: voice.py
[2025-07-06 19:49:44] [INFO] [bot] 코그 로드 완료: welcomegoodbye.py
[2025-07-06 19:49:45] [INFO] [bot] 슬래시 명령어 동기화 완료.
[2025-07-06 19:49:47] [INFO] [bot] Exceed#0164 (ID: 1389668557759189052) 로 로그인 성공
[2025-07-06 19:49:47] [INFO] [bot] Persistent view 등록 완료
[2025-07-06 19:49:47] [INFO] [bot] 📬・문의하기 채널에 버튼과 함께 문의 요청 메시지를 보냈습니다.
[2025-07-06 19:49:47] [INFO] [bot] 📨・지원서-제출 채널에 인터뷰 요청 버튼과 메시지를 보냈습니다.
[2025-07-06 19:50:28] [INFO] [bot] 코그 로드 완료: autoguest.py
[2025-07-06 19:50:28] [INFO] [bot] 코그 로드 완료: interview.py
[2025-07-06 19:50:28] [INFO] [bot] 코그 로드 완료: scraper.py
[2025-07-06 19:50:28] [INFO] [bot] 코그 로드 완료: ticket.py
[2025-07-06 19:50:28] [INFO] [bot] 코그 로드 완료: voice.py
[2025-07-06 19:50:28] [INFO] [bot] 코그 로드 완료: welcomegoodbye.py
[2025-07-06 19:50:29] [INFO] [bot] 슬래시 명령어 동기화 완료.
[2025-07-06 19:50:31] [INFO] [bot] Exceed#0164 (ID: 1389668557759189052) 로 로그인 성공
[2025-07-06 19:50:31] [INFO] [bot] Persistent view 등록 완료
[2025-07-06 19:50:32] [INFO] [bot] 📬・문의하기 채널에 버튼과 함께 문의 요청 메시지를 보냈습니다.
[2025-07-06 19:50:32] [INFO] [bot] 📨・지원서-제출 채널에 인터뷰 요청 버튼과 메시지를 보냈습니다.
[2025-07-06 19:56:38] [INFO] [bot] 코그 로드 완료: autoguest.py
[2025-07-06 19:56:38] [INFO] [bot] 코그 로드 완료: interview.py
[2025-07-06 19:56:38] [INFO] [bot] 코그 로드 완료: scraper.py
[2025-07-06 19:56:38] [INFO] [bot] 코그 로드 완료: ticket.py
[2025-07-06 19:56:38] [INFO] [bot] 코그 로드 완료: voice.py
[2025-07-06 19:56:38] [INFO] [bot] 코그 로드 완료: welcomegoodbye.py
[2025-07-06 19:56:38] [INFO] [bot] 슬래시 명령어 동기화 완료.
[2025-07-06 19:56:41] [INFO] [bot] Exceed#0164 (ID: 1389668557759189052) 로 로그인 성공
[2025-07-06 19:56:41] [INFO] [bot] Persistent view 등록 완료
[2025-07-06 19:56:41] [INFO] [bot] 📬・문의하기 채널에 버튼과 함께 문의 요청 메시지를 보냈습니다.
[2025-07-06 19:56:41] [INFO] [bot] 📨・지원서-제출 채널에 인터뷰 요청 버튼과 메시지를 보냈습니다.
[2025-07-06 20:00:10] [INFO] [bot] 코그 로드 완료: autoguest.py
[2025-07-06 20:00:10] [INFO] [bot] 코그 로드 완료: interview.py
[2025-07-06 20:00:10] [INFO] [bot] 코그 로드 완료: scraper.py
[2025-07-06 20:00:10] [INFO] [bot] 코그 로드 완료: ticket.py
[2025-07-06 20:00:10] [INFO] [bot] 코그 로드 완료: voice.py
[2025-07-06 20:00:10] [INFO] [bot] 코그 로드 완료: welcomegoodbye.py
[2025-07-06 20:00:10] [INFO] [bot] 슬래시 명령어 동기화 완료.
[2025-07-06 20:00:12] [INFO] [bot] Exceed#0164 (ID: 1389668557759189052) 로 로그인 성공
[2025-07-06 20:00:12] [INFO] [bot] Persistent view 등록 완료
[2025-07-06 20:00:13] [INFO] [bot] 📨・지원서-제출 채널에 인터뷰 요청 버튼과 메시지를 보냈습니다.
[2025-07-06 20:00:13] [INFO] [bot] 📬・문의하기 채널에 버튼과 함께 문의 요청 메시지를 보냈습니다.
[2025-07-06 20:02:10] [INFO] [bot] 코그 로드 완료: autoguest.py
[2025-07-06 20:02:10] [INFO] [bot] 코그 로드 완료: interview.py
[2025-07-06 20:02:10] [INFO] [bot] 코그 로드 완료: scraper.py
[2025-07-06 20:02:10] [INFO] [bot] 코그 로드 완료: ticket.py
[2025-07-06 20:02:10] [INFO] [bot] 코그 로드 완료: voice.py
[2025-07-06 20:02:10] [INFO] [bot] 코그 로드 완료: welcomegoodbye.py
[2025-07-06 20:02:11] [INFO] [bot] 슬래시 명령어 동기화 완료.
[2025-07-06 20:02:13] [INFO] [bot] Exceed#0164 (ID: 1389668557759189052) 로 로그인 성공
[2025-07-06 20:02:13] [INFO] [bot] Persistent view 등록 완료
[2025-07-06 20:02:13] [INFO] [bot] 📨・지원서-제출 채널에 인터뷰 요청 버튼과 메시지를 보냈습니다.
[2025-07-06 20:02:14] [INFO] [bot] 📬・문의하기 채널에 버튼과 함께 문의 요청 메시지를 보냈습니다.
[2025-07-06 20:03:17] [INFO] [bot] 코그 로드 완료: autoguest.py
[2025-07-06 20:03:17] [INFO] [bot] 코그 로드 완료: interview.py
[2025-07-06 20:03:17] [INFO] [bot] 코그 로드 완료: scraper.py
[2025-07-06 20:03:17] [INFO] [bot] 코그 로드 완료: ticket.py
[2025-07-06 20:03:17] [INFO] [bot] 코그 로드 완료: voice.py
[2025-07-06 20:03:17] [INFO] [bot] 코그 로드 완료: welcomegoodbye.py
[2025-07-06 20:03:17] [INFO] [bot] 슬래시 명령어 동기화 완료.
[2025-07-06 20:03:20] [INFO] [bot] Exceed#0164 (ID: 1389668557759189052) 로 로그인 성공
[2025-07-06 20:03:20] [INFO] [bot] Persistent view 등록 완료
[2025-07-06 20:03:20] [INFO] [bot] 📬・문의하기 채널에 버튼과 함께 문의 요청 메시지를 보냈습니다.
[2025-07-06 20:03:21] [INFO] [bot] 📨・지원서-제출 채널에 인터뷰 요청 버튼과 메시지를 보냈습니다.
[2025-07-06 20:06:31] [INFO] [bot] 코그 로드 완료: autoguest.py
[2025-07-06 20:06:31] [INFO] [bot] 코그 로드 완료: interview.py
[2025-07-06 20:06:31] [INFO] [bot] 코그 로드 완료: scraper.py
[2025-07-06 20:06:31] [INFO] [bot] 코그 로드 완료: ticket.py
[2025-07-06 20:06:31] [INFO] [bot] 코그 로드 완료: voice.py
[2025-07-06 20:06:31] [INFO] [bot] 코그 로드 완료: welcomegoodbye.py
[2025-07-06 20:06:31] [INFO] [bot] 슬래시 명령어 동기화 완료.
[2025-07-06 20:06:33] [INFO] [bot] Exceed#0164 (ID: 1389668557759189052) 로 로그인 성공
[2025-07-06 20:06:33] [INFO] [bot] Persistent view 등록 완료
[2025-07-06 20:06:34] [INFO] [bot] 📨・지원서-제출 채널에 인터뷰 요청 버튼과 메시지를 보냈습니다.
[2025-07-06 20:06:34] [INFO] [bot] 📬・문의하기 채널에 버튼과 함께 문의 요청 메시지를 보냈습니다.
[2025-07-06 20:10:34] [INFO] [bot] 코그 로드 완료: autoguest.py
[2025-07-06 20:10:34] [INFO] [bot] 코그 로드 완료: interview.py
[2025-07-06 20:10:34] [INFO] [bot] 코그 로드 완료: scraper.py
[2025-07-06 20:10:34] [INFO] [bot] 코그 로드 완료: ticket.py
[2025-07-06 20:10:34] [INFO] [bot] 코그 로드 완료: voice.py
[2025-07-06 20:10:34] [INFO] [bot] 코그 로드 완료: welcomegoodbye.py
[2025-07-06 20:10:34] [INFO] [bot] 슬래시 명령어 동기화 완료.
[2025-07-06 20:10:38] [INFO] [bot] Exceed#0164 (ID: 1389668557759189052) 로 로그인 성공
[2025-07-06 20:10:38] [INFO] [bot] Persistent view 등록 완료
[2025-07-06 20:10:39] [INFO] [bot] 📬・문의하기 채널에 버튼과 함께 문의 요청 메시지를 보냈습니다.
[2025-07-06 20:10:39] [INFO] [bot] 📨・지원서-제출 채널에 인터뷰 요청 버튼과 메시지를 보냈습니다.
[2025-07-06 20:14:04] [INFO] [bot] 코그 로드 완료: autoguest.py
[2025-07-06 20:14:04] [INFO] [bot] 코그 로드 완료: interview.py
[2025-07-06 20:14:04] [INFO] [bot] 코그 로드 완료: scraper.py
[2025-07-06 20:14:04] [INFO] [bot] 코그 로드 완료: ticket.py
[2025-07-06 20:14:04] [INFO] [bot] 코그 로드 완료: voice.py
[2025-07-06 20:14:04] [INFO] [bot] 코그 로드 완료: welcomegoodbye.py
[2025-07-06 20:14:04] [INFO] [bot] 슬래시 명령어 동기화 완료.
[2025-07-06 20:14:06] [INFO] [bot] Exceed#0164 (ID: 1389668557759189052) 로 로그인 성공
[2025-07-06 20:14:06] [INFO] [bot] Persistent view 등록 완료
[2025-07-06 20:14:07] [INFO] [bot] 📨・지원서-제출 채널에 인터뷰 요청 버튼과 메시지를 보냈습니다.
[2025-07-06 20:14:07] [INFO] [bot] 📬・문의하기 채널에 버튼과 함께 문의 요청 메시지를 보냈습니다.
[2025-07-06 20:15:43] [INFO] [bot] 코그 로드 완료: autoguest.py
[2025-07-06 20:15:43] [INFO] [bot] 코그 로드 완료: interview.py
[2025-07-06 20:15:43] [INFO] [bot] 코그 로드 완료: scraper.py
[2025-07-06 20:15:43] [INFO] [bot] 코그 로드 완료: ticket.py
[2025-07-06 20:15:43] [INFO] [bot] 코그 로드 완료: voice.py
[2025-07-06 20:15:43] [INFO] [bot] 코그 로드 완료: welcomegoodbye.py
[2025-07-06 20:15:43] [INFO] [bot] 슬래시 명령어 동기화 완료.
[2025-07-06 20:15:51] [INFO] [bot] Exceed#0164 (ID: 1389668557759189052) 로 로그인 성공
[2025-07-06 20:15:51] [INFO] [bot] Persistent view 등록 완료
[2025-07-06 20:15:52] [INFO] [bot] 📬・문의하기 채널에 버튼과 함께 문의 요청 메시지를 보냈습니다.
[2025-07-06 20:15:52] [INFO] [bot] 📨・지원서-제출 채널에 인터뷰 요청 버튼과 메시지를 보냈습니다.
[2025-07-06 20:17:00] [INFO] [bot] 코그 로드 완료: autoguest.py
[2025-07-06 20:17:00] [INFO] [bot] 코그 로드 완료: interview.py
[2025-07-06 20:17:00] [INFO] [bot] 코그 로드 완료: scraper.py
[2025-07-06 20:17:01] [INFO] [bot] 코그 로드 완료: ticket.py
[2025-07-06 20:17:01] [INFO] [bot] 코그 로드 완료: voice.py
[2025-07-06 20:17:01] [INFO] [bot] 코그 로드 완료: welcomegoodbye.py
[2025-07-06 20:17:02] [INFO] [bot] 슬래시 명령어 동기화 완료.
[2025-07-06 20:17:04] [INFO] [bot] Exceed#0164 (ID: 1389668557759189052) 로 로그인 성공
[2025-07-06 20:17:04] [INFO] [bot] Persistent view 등록 완료
[2025-07-06 20:17:05] [INFO] [bot] 📨・지원서-제출 채널에 인터뷰 요청 버튼과 메시지를 보냈습니다.
[2025-07-06 20:17:05] [INFO] [bot] 📬・문의하기 채널에 버튼과 함께 문의 요청 메시지를 보냈습니다.
[2025-07-06 20:18:22] [INFO] [bot] 코그 로드 완료: autoguest.py
[2025-07-06 20:18:22] [INFO] [bot] 코그 로드 완료: interview.py
[2025-07-06 20:18:22] [INFO] [bot] 코그 로드 완료: scraper.py
[2025-07-06 20:18:22] [INFO] [bot] 코그 로드 완료: ticket.py
[2025-07-06 20:18:22] [INFO] [bot] 코그 로드 완료: voice.py
[2025-07-06 20:18:22] [INFO] [bot] 코그 로드 완료: welcomegoodbye.py
[2025-07-06 20:18:23] [INFO] [bot] 슬래시 명령어 동기화 완료.
[2025-07-06 20:18:25] [INFO] [bot] Exceed#0164 (ID: 1389668557759189052) 로 로그인 성공
[2025-07-06 20:18:25] [INFO] [bot] Persistent view 등록 완료
[2025-07-06 20:18:31] [INFO] [bot] 📬・문의하기 채널에 버튼과 함께 문의 요청 메시지를 보냈습니다.
[2025-07-06 20:18:31] [INFO] [bot] 📨・지원서-제출 채널에 인터뷰 요청 버튼과 메시지를 보냈습니다.
[2025-07-06 20:19:54] [INFO] [bot] 코그 로드 완료: autoguest.py
[2025-07-06 20:19:54] [INFO] [bot] 코그 로드 완료: interview.py
[2025-07-06 20:19:54] [INFO] [bot] 코그 로드 완료: scraper.py
[2025-07-06 20:19:54] [INFO] [bot] 코그 로드 완료: ticket.py
[2025-07-06 20:19:54] [INFO] [bot] 코그 로드 완료: voice.py
[2025-07-06 20:19:54] [INFO] [bot] 코그 로드 완료: welcomegoodbye.py
[2025-07-06 20:19:54] [INFO] [bot] 슬래시 명령어 동기화 완료.
[2025-07-06 20:19:56] [INFO] [bot] Exceed#0164 (ID: 1389668557759189052) 로 로그인 성공
[2025-07-06 20:19:56] [INFO] [bot] Persistent view 등록 완료
[2025-07-06 20:19:57] [INFO] [bot] 📨・지원서-제출 채널에 인터뷰 요청 버튼과 메시지를 보냈습니다.
[2025-07-06 20:19:57] [INFO] [bot] 📬・문의하기 채널에 버튼과 함께 문의 요청 메시지를 보냈습니다.
[2025-07-06 20:20:39] [INFO] [bot] 코그 로드 완료: autoguest.py
[2025-07-06 20:20:39] [INFO] [bot] 코그 로드 완료: interview.py
[2025-07-06 20:20:39] [INFO] [bot] 코그 로드 완료: registration.py
[2025-07-06 20:20:39] [INFO] [bot] 코그 로드 완료: scraper.py
[2025-07-06 20:20:39] [INFO] [bot] 코그 로드 완료: ticket.py
[2025-07-06 20:20:39] [INFO] [bot] 코그 로드 완료: voice.py
[2025-07-06 20:20:39] [INFO] [bot] 코그 로드 완료: welcomegoodbye.py
[2025-07-06 20:20:39] [INFO] [bot] 슬래시 명령어 동기화 완료.
[2025-07-06 20:20:42] [INFO] [bot] Exceed#0164 (ID: 1389668557759189052) 로 로그인 성공
[2025-07-06 20:20:42] [INFO] [bot] Persistent view 등록 완료
[2025-07-06 20:20:42] [INFO] [bot] 📨・지원서-제출 채널에 인터뷰 요청 버튼과 메시지를 보냈습니다.
[2025-07-06 20:20:42] [INFO] [bot] 📬・문의하기 채널에 버튼과 함께 문의 요청 메시지를 보냈습니다.
[2025-07-06 20:27:59] [INFO] [bot] 코그 로드 완료: autoguest.py
[2025-07-06 20:27:59] [INFO] [bot] 코그 로드 완료: clanstats.py
[2025-07-06 20:27:59] [INFO] [bot] 코그 로드 완료: interview.py
[2025-07-06 20:27:59] [INFO] [bot] 코그 로드 완료: registration.py
[2025-07-06 20:27:59] [INFO] [bot] 코그 로드 완료: scraper.py
[2025-07-06 20:27:59] [INFO] [bot] 코그 로드 완료: ticket.py
[2025-07-06 20:27:59] [INFO] [bot] 코그 로드 완료: voice.py
[2025-07-06 20:27:59] [INFO] [bot] 코그 로드 완료: welcomegoodbye.py
[2025-07-06 20:28:00] [INFO] [bot] 슬래시 명령어 동기화 완료.
[2025-07-06 20:28:02] [INFO] [bot] Exceed#0164 (ID: 1389668557759189052) 로 로그인 성공
[2025-07-06 20:28:02] [INFO] [bot] Persistent view 등록 완료
[2025-07-06 20:28:03] [INFO] [bot] 📨・지원서-제출 채널에 인터뷰 요청 버튼과 메시지를 보냈습니다.
[2025-07-06 20:28:03] [INFO] [bot] 📬・문의하기 채널에 버튼과 함께 문의 요청 메시지를 보냈습니다.
[2025-07-06 20:29:07] [INFO] [bot] 코그 로드 완료: autoguest.py
[2025-07-06 20:29:07] [INFO] [bot] 코그 로드 완료: clanstats.py
[2025-07-06 20:29:07] [INFO] [bot] 코그 로드 완료: interview.py
[2025-07-06 20:29:07] [INFO] [bot] 코그 로드 완료: registration.py
[2025-07-06 20:29:07] [INFO] [bot] 코그 로드 완료: scraper.py
[2025-07-06 20:29:07] [INFO] [bot] 코그 로드 완료: ticket.py
[2025-07-06 20:29:07] [INFO] [bot] 코그 로드 완료: voice.py
[2025-07-06 20:29:07] [INFO] [bot] 코그 로드 완료: welcomegoodbye.py
[2025-07-06 20:29:07] [INFO] [bot] 슬래시 명령어 동기화 완료.
[2025-07-06 20:29:10] [INFO] [bot] Exceed#0164 (ID: 1389668557759189052) 로 로그인 성공
[2025-07-06 20:29:10] [INFO] [bot] Persistent view 등록 완료
[2025-07-06 20:29:10] [INFO] [bot] 📬・문의하기 채널에 버튼과 함께 문의 요청 메시지를 보냈습니다.
[2025-07-06 20:29:10] [INFO] [bot] 📨・지원서-제출 채널에 인터뷰 요청 버튼과 메시지를 보냈습니다.
[2025-07-06 20:29:30] [INFO] [bot] 코그 로드 완료: autoguest.py
[2025-07-06 20:29:30] [INFO] [bot] 코그 로드 완료: clanstats.py
[2025-07-06 20:29:30] [INFO] [bot] 코그 로드 완료: interview.py
[2025-07-06 20:29:30] [INFO] [bot] 코그 로드 완료: registration.py
[2025-07-06 20:29:30] [INFO] [bot] 코그 로드 완료: scraper.py
[2025-07-06 20:29:30] [INFO] [bot] 코그 로드 완료: ticket.py
[2025-07-06 20:29:30] [INFO] [bot] 코그 로드 완료: voice.py
[2025-07-06 20:29:30] [INFO] [bot] 코그 로드 완료: welcomegoodbye.py
[2025-07-06 20:29:54] [INFO] [bot] ✅ Database pool created successfully.
[2025-07-06 20:29:54] [INFO] [bot] 코그 로드 완료: autoguest.py
[2025-07-06 20:29:54] [INFO] [bot] 코그 로드 완료: clanstats.py
[2025-07-06 20:29:54] [INFO] [bot] 코그 로드 완료: interview.py
[2025-07-06 20:29:54] [INFO] [bot] 코그 로드 완료: registration.py
[2025-07-06 20:29:54] [INFO] [bot] 코그 로드 완료: scraper.py
[2025-07-06 20:29:54] [INFO] [bot] 코그 로드 완료: ticket.py
[2025-07-06 20:29:54] [INFO] [bot] 코그 로드 완료: voice.py
[2025-07-06 20:29:54] [INFO] [bot] 코그 로드 완료: welcomegoodbye.py
[2025-07-06 20:30:37] [INFO] [bot] 슬래시 명령어 동기화 완료.
[2025-07-06 20:30:40] [INFO] [bot] Exceed#0164 (ID: 1389668557759189052) 로 로그인 성공
[2025-07-06 20:30:40] [INFO] [bot] Persistent view 등록 완료
[2025-07-06 20:30:40] [INFO] [bot] 📬・문의하기 채널에 버튼과 함께 문의 요청 메시지를 보냈습니다.
[2025-07-06 20:30:40] [INFO] [bot] 📨・지원서-제출 채널에 인터뷰 요청 버튼과 메시지를 보냈습니다.
[2025-07-06 20:36:25] [INFO] [bot] ✅ Database pool created successfully.
[2025-07-06 20:36:25] [INFO] [bot] 코그 로드 완료: autoguest.py
[2025-07-06 20:36:25] [INFO] [bot] 코그 로드 완료: clanstats.py
[2025-07-06 20:36:25] [INFO] [bot] 코그 로드 완료: interview.py
[2025-07-06 20:36:25] [INFO] [bot] 코그 로드 완료: registration.py
[2025-07-06 20:36:25] [INFO] [bot] 코그 로드 완료: scraper.py
[2025-07-06 20:36:25] [INFO] [bot] 코그 로드 완료: ticket.py
[2025-07-06 20:36:25] [INFO] [bot] 코그 로드 완료: voice.py
[2025-07-06 20:36:25] [INFO] [bot] 코그 로드 완료: welcomegoodbye.py
[2025-07-06 20:36:25] [INFO] [bot] 슬래시 명령어 동기화 완료.
[2025-07-06 20:36:27] [INFO] [bot] Exceed#0164 (ID: 1389668557759189052) 로 로그인 성공
[2025-07-06 20:36:27] [INFO] [bot] Persistent view 등록 완료
[2025-07-06 20:36:28] [INFO] [bot] 📨・지원서-제출 채널에 인터뷰 요청 버튼과 메시지를 보냈습니다.
[2025-07-06 20:36:28] [INFO] [bot] 📬・문의하기 채널에 버튼과 함께 문의 요청 메시지를 보냈습니다.
[2025-07-06 20:38:09] [INFO] [bot] ✅ Database pool created successfully.
[2025-07-06 20:38:09] [INFO] [bot] 코그 로드 완료: autoguest.py
[2025-07-06 20:38:09] [INFO] [bot] 코그 로드 완료: clanstats.py
[2025-07-06 20:38:09] [INFO] [bot] 코그 로드 완료: interview.py
[2025-07-06 20:38:09] [INFO] [bot] 코그 로드 완료: registration.py
[2025-07-06 20:38:09] [INFO] [bot] 코그 로드 완료: scraper.py
[2025-07-06 20:38:09] [INFO] [bot] 코그 로드 완료: ticket.py
[2025-07-06 20:38:09] [INFO] [bot] 코그 로드 완료: voice.py
[2025-07-06 20:38:09] [INFO] [bot] 코그 로드 완료: welcomegoodbye.py
[2025-07-06 20:38:10] [INFO] [bot] 슬래시 명령어 동기화 완료.
[2025-07-06 20:38:12] [INFO] [bot] Exceed#0164 (ID: 1389668557759189052) 로 로그인 성공
[2025-07-06 20:38:12] [INFO] [bot] Persistent view 등록 완료
[2025-07-06 20:38:13] [INFO] [bot] 📨・지원서-제출 채널에 인터뷰 요청 버튼과 메시지를 보냈습니다.
[2025-07-06 20:38:13] [INFO] [bot] 📬・문의하기 채널에 버튼과 함께 문의 요청 메시지를 보냈습니다.
[2025-07-06 20:38:23] [ERROR] [bot] Database error checking match existence: prepared statement "__asyncpg_stmt_1__" already exists
HINT:  
NOTE: pgbouncer with pool_mode set to "transaction" or
"statement" does not support prepared statements properly.
You have two options:

* if you are using pgbouncer for connection pooling to a
  single server, switch to the connection pool functionality
  provided by asyncpg, it is a much better option for this
  purpose;

* if you have no option of avoiding the use of pgbouncer,
  then you can set statement_cache_size to 0 when creating
  the asyncpg connection object.

[2025-07-06 20:39:10] [INFO] [bot] ✅ Database pool created successfully.
[2025-07-06 20:39:10] [INFO] [bot] 코그 로드 완료: autoguest.py
[2025-07-06 20:39:10] [INFO] [bot] 코그 로드 완료: clanstats.py
[2025-07-06 20:39:10] [INFO] [bot] 코그 로드 완료: interview.py
[2025-07-06 20:39:10] [INFO] [bot] 코그 로드 완료: registration.py
[2025-07-06 20:39:10] [INFO] [bot] 코그 로드 완료: scraper.py
[2025-07-06 20:39:10] [INFO] [bot] 코그 로드 완료: ticket.py
[2025-07-06 20:39:10] [INFO] [bot] 코그 로드 완료: voice.py
[2025-07-06 20:39:10] [INFO] [bot] 코그 로드 완료: welcomegoodbye.py
[2025-07-06 20:39:10] [INFO] [bot] 슬래시 명령어 동기화 완료.
[2025-07-06 20:39:12] [INFO] [bot] Exceed#0164 (ID: 1389668557759189052) 로 로그인 성공
[2025-07-06 20:39:12] [INFO] [bot] Persistent view 등록 완료
[2025-07-06 20:39:13] [INFO] [bot] 📨・지원서-제출 채널에 인터뷰 요청 버튼과 메시지를 보냈습니다.
[2025-07-06 20:39:13] [INFO] [bot] 📬・문의하기 채널에 버튼과 함께 문의 요청 메시지를 보냈습니다.
[2025-07-06 20:40:08] [INFO] [bot] ✅ Database pool created successfully.
[2025-07-06 20:40:08] [INFO] [bot] 코그 로드 완료: autoguest.py
[2025-07-06 20:40:08] [INFO] [bot] 코그 로드 완료: clanstats.py
[2025-07-06 20:40:08] [INFO] [bot] 코그 로드 완료: interview.py
[2025-07-06 20:40:08] [INFO] [bot] 코그 로드 완료: registration.py
[2025-07-06 20:40:08] [INFO] [bot] 코그 로드 완료: scraper.py
[2025-07-06 20:40:08] [INFO] [bot] 코그 로드 완료: ticket.py
[2025-07-06 20:40:08] [INFO] [bot] 코그 로드 완료: voice.py
[2025-07-06 20:40:08] [INFO] [bot] 코그 로드 완료: welcomegoodbye.py
[2025-07-06 20:40:08] [INFO] [bot] 슬래시 명령어 동기화 완료.
[2025-07-06 20:40:10] [INFO] [bot] Exceed#0164 (ID: 1389668557759189052) 로 로그인 성공
[2025-07-06 20:40:10] [INFO] [bot] Persistent view 등록 완료
[2025-07-06 20:40:11] [INFO] [bot] 📬・문의하기 채널에 버튼과 함께 문의 요청 메시지를 보냈습니다.
[2025-07-06 20:40:11] [INFO] [bot] 📨・지원서-제출 채널에 인터뷰 요청 버튼과 메시지를 보냈습니다.
[2025-07-06 20:41:39] [INFO] [bot] ✅ Database pool created successfully.
[2025-07-06 20:41:39] [INFO] [bot] 코그 로드 완료: autoguest.py
[2025-07-06 20:41:39] [INFO] [bot] 코그 로드 완료: clanstats.py
[2025-07-06 20:41:39] [INFO] [bot] 코그 로드 완료: interview.py
[2025-07-06 20:41:39] [INFO] [bot] 코그 로드 완료: registration.py
[2025-07-06 20:41:39] [INFO] [bot] 코그 로드 완료: scraper.py
[2025-07-06 20:41:39] [INFO] [bot] 코그 로드 완료: ticket.py
[2025-07-06 20:41:39] [INFO] [bot] 코그 로드 완료: voice.py
[2025-07-06 20:41:39] [INFO] [bot] 코그 로드 완료: welcomegoodbye.py
[2025-07-06 20:41:40] [INFO] [bot] 슬래시 명령어 동기화 완료.
[2025-07-06 20:41:42] [INFO] [bot] Exceed#0164 (ID: 1389668557759189052) 로 로그인 성공
[2025-07-06 20:41:42] [INFO] [bot] Persistent view 등록 완료
[2025-07-06 20:41:42] [INFO] [bot] 📨・지원서-제출 채널에 인터뷰 요청 버튼과 메시지를 보냈습니다.
[2025-07-06 20:41:43] [INFO] [bot] 📬・문의하기 채널에 버튼과 함께 문의 요청 메시지를 보냈습니다.
[2025-07-06 20:42:35] [INFO] [bot] ✅ Database pool created successfully.
[2025-07-06 20:42:35] [INFO] [bot] 코그 로드 완료: autoguest.py
[2025-07-06 20:42:35] [INFO] [bot] 코그 로드 완료: clanstats.py
[2025-07-06 20:42:35] [INFO] [bot] 코그 로드 완료: interview.py
[2025-07-06 20:42:35] [INFO] [bot] 코그 로드 완료: registration.py
[2025-07-06 20:42:35] [INFO] [bot] 코그 로드 완료: scraper.py
[2025-07-06 20:42:35] [INFO] [bot] 코그 로드 완료: ticket.py
[2025-07-06 20:42:35] [INFO] [bot] 코그 로드 완료: voice.py
[2025-07-06 20:42:35] [INFO] [bot] 코그 로드 완료: welcomegoodbye.py
[2025-07-06 20:42:36] [INFO] [bot] 슬래시 명령어 동기화 완료.
[2025-07-06 20:42:38] [INFO] [bot] Exceed#0164 (ID: 1389668557759189052) 로 로그인 성공
[2025-07-06 20:42:38] [INFO] [bot] Persistent view 등록 완료
[2025-07-06 20:42:39] [INFO] [bot] 📨・지원서-제출 채널에 인터뷰 요청 버튼과 메시지를 보냈습니다.
[2025-07-06 20:42:39] [INFO] [bot] 📬・문의하기 채널에 버튼과 함께 문의 요청 메시지를 보냈습니다.
[2025-07-06 20:43:48] [INFO] [bot] ✅ Database pool created successfully.
[2025-07-06 20:43:48] [INFO] [bot] 코그 로드 완료: autoguest.py
[2025-07-06 20:43:48] [INFO] [bot] 코그 로드 완료: clanstats.py
[2025-07-06 20:43:48] [INFO] [bot] 코그 로드 완료: interview.py
[2025-07-06 20:43:48] [INFO] [bot] 코그 로드 완료: registration.py
[2025-07-06 20:43:48] [INFO] [bot] 코그 로드 완료: scraper.py
[2025-07-06 20:43:48] [INFO] [bot] 코그 로드 완료: ticket.py
[2025-07-06 20:43:48] [INFO] [bot] 코그 로드 완료: voice.py
[2025-07-06 20:43:48] [INFO] [bot] 코그 로드 완료: welcomegoodbye.py
[2025-07-06 20:43:48] [INFO] [bot] 슬래시 명령어 동기화 완료.
[2025-07-06 20:43:51] [INFO] [bot] Exceed#0164 (ID: 1389668557759189052) 로 로그인 성공
[2025-07-06 20:43:51] [INFO] [bot] Persistent view 등록 완료
[2025-07-06 20:43:51] [INFO] [bot] 📨・지원서-제출 채널에 인터뷰 요청 버튼과 메시지를 보냈습니다.
[2025-07-06 20:43:51] [INFO] [bot] 📬・문의하기 채널에 버튼과 함께 문의 요청 메시지를 보냈습니다.
[2025-07-06 20:45:31] [INFO] [bot] ✅ Database pool created successfully.
[2025-07-06 20:45:31] [INFO] [bot] 코그 로드 완료: autoguest.py
[2025-07-06 20:45:31] [INFO] [bot] 코그 로드 완료: clanstats.py
[2025-07-06 20:45:31] [INFO] [bot] 코그 로드 완료: interview.py
[2025-07-06 20:45:31] [INFO] [bot] 코그 로드 완료: registration.py
[2025-07-06 20:45:31] [INFO] [bot] 코그 로드 완료: scraper.py
[2025-07-06 20:45:31] [INFO] [bot] 코그 로드 완료: ticket.py
[2025-07-06 20:45:31] [INFO] [bot] 코그 로드 완료: voice.py
[2025-07-06 20:45:31] [INFO] [bot] 코그 로드 완료: welcomegoodbye.py
[2025-07-06 20:45:31] [INFO] [bot] 슬래시 명령어 동기화 완료.
[2025-07-06 20:45:34] [INFO] [bot] Exceed#0164 (ID: 1389668557759189052) 로 로그인 성공
[2025-07-06 20:45:34] [INFO] [bot] Persistent view 등록 완료
[2025-07-06 20:45:34] [INFO] [bot] 📨・지원서-제출 채널에 인터뷰 요청 버튼과 메시지를 보냈습니다.
[2025-07-06 20:45:34] [INFO] [bot] 📬・문의하기 채널에 버튼과 함께 문의 요청 메시지를 보냈습니다.
[2025-07-06 20:46:23] [INFO] [bot] ✅ Database pool created successfully.
[2025-07-06 20:46:23] [INFO] [bot] 코그 로드 완료: autoguest.py
[2025-07-06 20:46:23] [INFO] [bot] 코그 로드 완료: clanstats.py
[2025-07-06 20:46:23] [INFO] [bot] 코그 로드 완료: interview.py
[2025-07-06 20:46:23] [INFO] [bot] 코그 로드 완료: registration.py
[2025-07-06 20:46:23] [INFO] [bot] 코그 로드 완료: scraper.py
[2025-07-06 20:46:23] [INFO] [bot] 코그 로드 완료: ticket.py
[2025-07-06 20:46:23] [INFO] [bot] 코그 로드 완료: voice.py
[2025-07-06 20:46:23] [INFO] [bot] 코그 로드 완료: welcomegoodbye.py
[2025-07-06 20:46:24] [INFO] [bot] 슬래시 명령어 동기화 완료.
[2025-07-06 20:46:26] [INFO] [bot] Exceed#0164 (ID: 1389668557759189052) 로 로그인 성공
[2025-07-06 20:46:26] [INFO] [bot] Persistent view 등록 완료
[2025-07-06 20:46:27] [INFO] [bot] 📬・문의하기 채널에 버튼과 함께 문의 요청 메시지를 보냈습니다.
[2025-07-06 20:46:27] [INFO] [bot] 📨・지원서-제출 채널에 인터뷰 요청 버튼과 메시지를 보냈습니다.
[2025-07-06 20:47:28] [INFO] [bot] ✅ Database pool created successfully.
[2025-07-06 20:47:28] [INFO] [bot] 코그 로드 완료: autoguest.py
[2025-07-06 20:47:28] [INFO] [bot] 코그 로드 완료: clanstats.py
[2025-07-06 20:47:28] [INFO] [bot] 코그 로드 완료: interview.py
[2025-07-06 20:47:28] [INFO] [bot] 코그 로드 완료: registration.py
[2025-07-06 20:47:28] [INFO] [bot] 코그 로드 완료: scraper.py
[2025-07-06 20:47:28] [INFO] [bot] 코그 로드 완료: ticket.py
[2025-07-06 20:47:28] [INFO] [bot] 코그 로드 완료: voice.py
[2025-07-06 20:47:28] [INFO] [bot] 코그 로드 완료: welcomegoodbye.py
[2025-07-06 20:47:28] [INFO] [bot] 슬래시 명령어 동기화 완료.
[2025-07-06 20:47:31] [INFO] [bot] Exceed#0164 (ID: 1389668557759189052) 로 로그인 성공
[2025-07-06 20:47:31] [INFO] [bot] Persistent view 등록 완료
[2025-07-06 20:47:31] [INFO] [bot] 📬・문의하기 채널에 버튼과 함께 문의 요청 메시지를 보냈습니다.
[2025-07-06 20:47:31] [INFO] [bot] 📨・지원서-제출 채널에 인터뷰 요청 버튼과 메시지를 보냈습니다.
[2025-07-06 20:49:17] [INFO] [bot] ✅ Database pool created successfully.
[2025-07-06 20:49:17] [INFO] [bot] 코그 로드 완료: autoguest.py
[2025-07-06 20:49:17] [INFO] [bot] 코그 로드 완료: clanstats.py
[2025-07-06 20:49:17] [INFO] [bot] 코그 로드 완료: interview.py
[2025-07-06 20:49:17] [INFO] [bot] 코그 로드 완료: registration.py
[2025-07-06 20:49:17] [INFO] [bot] 코그 로드 완료: scraper.py
[2025-07-06 20:49:17] [INFO] [bot] 코그 로드 완료: ticket.py
[2025-07-06 20:49:17] [INFO] [bot] 코그 로드 완료: voice.py
[2025-07-06 20:49:17] [INFO] [bot] 코그 로드 완료: welcomegoodbye.py
[2025-07-06 20:49:17] [INFO] [bot] 슬래시 명령어 동기화 완료.
[2025-07-06 20:49:19] [INFO] [bot] Exceed#0164 (ID: 1389668557759189052) 로 로그인 성공
[2025-07-06 20:49:19] [INFO] [bot] Persistent view 등록 완료
[2025-07-06 20:49:24] [INFO] [bot] 📬・문의하기 채널에 버튼과 함께 문의 요청 메시지를 보냈습니다.
[2025-07-06 20:49:24] [INFO] [bot] 📨・지원서-제출 채널에 인터뷰 요청 버튼과 메시지를 보냈습니다.
[2025-07-06 20:49:36] [INFO] [bot] ✅ Database pool created successfully.
[2025-07-06 20:49:36] [INFO] [bot] 코그 로드 완료: autoguest.py
[2025-07-06 20:49:36] [INFO] [bot] 코그 로드 완료: clanstats.py
[2025-07-06 20:49:36] [INFO] [bot] 코그 로드 완료: interview.py
[2025-07-06 20:49:36] [INFO] [bot] 코그 로드 완료: registration.py
[2025-07-06 20:49:36] [INFO] [bot] 코그 로드 완료: scraper.py
[2025-07-06 20:49:36] [INFO] [bot] 코그 로드 완료: ticket.py
[2025-07-06 20:49:36] [INFO] [bot] 코그 로드 완료: voice.py
[2025-07-06 20:49:36] [INFO] [bot] 코그 로드 완료: welcomegoodbye.py
[2025-07-06 20:50:17] [INFO] [bot] 슬래시 명령어 동기화 완료.
[2025-07-06 20:50:19] [INFO] [bot] Exceed#0164 (ID: 1389668557759189052) 로 로그인 성공
[2025-07-06 20:50:19] [INFO] [bot] Persistent view 등록 완료
[2025-07-06 20:50:20] [INFO] [bot] 📨・지원서-제출 채널에 인터뷰 요청 버튼과 메시지를 보냈습니다.
[2025-07-06 20:50:20] [INFO] [bot] 📬・문의하기 채널에 버튼과 함께 문의 요청 메시지를 보냈습니다.
[2025-07-06 20:51:32] [INFO] [bot] ✅ Database pool created successfully.
[2025-07-06 20:51:32] [INFO] [bot] 코그 로드 완료: autoguest.py
[2025-07-06 20:51:32] [INFO] [bot] 코그 로드 완료: clanstats.py
[2025-07-06 20:51:32] [INFO] [bot] 코그 로드 완료: interview.py
[2025-07-06 20:51:32] [INFO] [bot] 코그 로드 완료: registration.py
[2025-07-06 20:51:32] [INFO] [bot] 코그 로드 완료: scraper.py
[2025-07-06 20:51:32] [INFO] [bot] 코그 로드 완료: ticket.py
[2025-07-06 20:51:32] [INFO] [bot] 코그 로드 완료: voice.py
[2025-07-06 20:51:32] [INFO] [bot] 코그 로드 완료: welcomegoodbye.py
[2025-07-06 20:51:32] [INFO] [bot] 슬래시 명령어 동기화 완료.
[2025-07-06 20:51:35] [INFO] [bot] Exceed#0164 (ID: 1389668557759189052) 로 로그인 성공
[2025-07-06 20:51:35] [INFO] [bot] Persistent view 등록 완료
[2025-07-06 20:51:35] [INFO] [bot] 📨・지원서-제출 채널에 인터뷰 요청 버튼과 메시지를 보냈습니다.
[2025-07-06 20:51:36] [INFO] [bot] 📬・문의하기 채널에 버튼과 함께 문의 요청 메시지를 보냈습니다.
[2025-07-06 20:52:37] [INFO] [bot] ✅ Database pool created successfully.
[2025-07-06 20:52:37] [INFO] [bot] 코그 로드 완료: autoguest.py
[2025-07-06 20:52:37] [INFO] [bot] 코그 로드 완료: clanstats.py
[2025-07-06 20:52:37] [INFO] [bot] 코그 로드 완료: interview.py
[2025-07-06 20:52:37] [INFO] [bot] 코그 로드 완료: registration.py
[2025-07-06 20:52:37] [INFO] [bot] 코그 로드 완료: scraper.py
[2025-07-06 20:52:37] [INFO] [bot] 코그 로드 완료: ticket.py
[2025-07-06 20:52:37] [INFO] [bot] 코그 로드 완료: voice.py
[2025-07-06 20:52:37] [INFO] [bot] 코그 로드 완료: welcomegoodbye.py
[2025-07-06 20:52:37] [INFO] [bot] 슬래시 명령어 동기화 완료.
[2025-07-06 20:52:45] [INFO] [bot] Exceed#0164 (ID: 1389668557759189052) 로 로그인 성공
[2025-07-06 20:52:45] [INFO] [bot] Persistent view 등록 완료
[2025-07-06 20:52:45] [INFO] [bot] 📨・지원서-제출 채널에 인터뷰 요청 버튼과 메시지를 보냈습니다.
[2025-07-06 20:52:45] [INFO] [bot] 📬・문의하기 채널에 버튼과 함께 문의 요청 메시지를 보냈습니다.
[2025-07-06 20:54:30] [INFO] [bot] ✅ Database pool created successfully.
[2025-07-06 20:54:30] [INFO] [bot] 코그 로드 완료: autoguest.py
[2025-07-06 20:54:30] [INFO] [bot] 코그 로드 완료: clanstats.py
[2025-07-06 20:54:30] [INFO] [bot] 코그 로드 완료: interview.py
[2025-07-06 20:54:30] [INFO] [bot] 코그 로드 완료: registration.py
[2025-07-06 20:54:30] [INFO] [bot] 코그 로드 완료: scraper.py
[2025-07-06 20:54:30] [INFO] [bot] 코그 로드 완료: ticket.py
[2025-07-06 20:54:30] [INFO] [bot] 코그 로드 완료: voice.py
[2025-07-06 20:54:30] [INFO] [bot] 코그 로드 완료: welcomegoodbye.py
[2025-07-06 20:54:30] [INFO] [bot] 슬래시 명령어 동기화 완료.
[2025-07-06 20:54:38] [INFO] [bot] Exceed#0164 (ID: 1389668557759189052) 로 로그인 성공
[2025-07-06 20:54:38] [INFO] [bot] Persistent view 등록 완료
[2025-07-06 20:54:38] [INFO] [bot] 📬・문의하기 채널에 버튼과 함께 문의 요청 메시지를 보냈습니다.
[2025-07-06 20:54:39] [INFO] [bot] 📨・지원서-제출 채널에 인터뷰 요청 버튼과 메시지를 보냈습니다.
[2025-07-06 20:56:23] [INFO] [bot] ✅ Database pool created successfully.
[2025-07-06 20:56:23] [INFO] [bot] 코그 로드 완료: autoguest.py
[2025-07-06 20:56:23] [INFO] [bot] 코그 로드 완료: clanstats.py
[2025-07-06 20:56:23] [INFO] [bot] 코그 로드 완료: interview.py
[2025-07-06 20:56:23] [INFO] [bot] 코그 로드 완료: registration.py
[2025-07-06 20:56:23] [INFO] [bot] 코그 로드 완료: scraper.py
[2025-07-06 20:56:23] [INFO] [bot] 코그 로드 완료: ticket.py
[2025-07-06 20:56:23] [INFO] [bot] 코그 로드 완료: voice.py
[2025-07-06 20:56:23] [INFO] [bot] 코그 로드 완료: welcomegoodbye.py
[2025-07-06 20:56:24] [INFO] [bot] 슬래시 명령어 동기화 완료.
[2025-07-06 20:56:31] [INFO] [bot] Exceed#0164 (ID: 1389668557759189052) 로 로그인 성공
[2025-07-06 20:56:31] [INFO] [bot] Persistent view 등록 완료
[2025-07-06 20:56:32] [INFO] [bot] 📬・문의하기 채널에 버튼과 함께 문의 요청 메시지를 보냈습니다.
[2025-07-06 20:56:32] [INFO] [bot] 📨・지원서-제출 채널에 인터뷰 요청 버튼과 메시지를 보냈습니다.
[2025-07-06 20:57:14] [INFO] [bot] ✅ Database pool created successfully.
[2025-07-06 20:57:14] [INFO] [bot] 코그 로드 완료: autoguest.py
[2025-07-06 20:57:14] [INFO] [bot] 코그 로드 완료: clanstats.py
[2025-07-06 20:57:14] [INFO] [bot] 코그 로드 완료: interview.py
[2025-07-06 20:57:14] [INFO] [bot] 코그 로드 완료: registration.py
[2025-07-06 20:57:14] [INFO] [bot] 코그 로드 완료: scraper.py
[2025-07-06 20:57:14] [INFO] [bot] 코그 로드 완료: ticket.py
[2025-07-06 20:57:14] [INFO] [bot] 코그 로드 완료: voice.py
[2025-07-06 20:57:14] [INFO] [bot] 코그 로드 완료: welcomegoodbye.py
[2025-07-06 20:57:15] [INFO] [bot] 슬래시 명령어 동기화 완료.
[2025-07-06 20:57:17] [INFO] [bot] Exceed#0164 (ID: 1389668557759189052) 로 로그인 성공
[2025-07-06 20:57:17] [INFO] [bot] Persistent view 등록 완료
[2025-07-06 20:57:18] [INFO] [bot] 📬・문의하기 채널에 버튼과 함께 문의 요청 메시지를 보냈습니다.
[2025-07-06 20:57:24] [INFO] [bot] 📨・지원서-제출 채널에 인터뷰 요청 버튼과 메시지를 보냈습니다.
[2025-07-06 20:58:48] [INFO] [bot] ✅ Database pool created successfully.
[2025-07-06 20:58:48] [INFO] [bot] 코그 로드 완료: autoguest.py
[2025-07-06 20:58:48] [INFO] [bot] 코그 로드 완료: clanstats.py
[2025-07-06 20:58:48] [INFO] [bot] 코그 로드 완료: interview.py
[2025-07-06 20:58:48] [INFO] [bot] 코그 로드 완료: registration.py
[2025-07-06 20:58:48] [INFO] [bot] 코그 로드 완료: scraper.py
[2025-07-06 20:58:48] [INFO] [bot] 코그 로드 완료: ticket.py
[2025-07-06 20:58:48] [INFO] [bot] 코그 로드 완료: voice.py
[2025-07-06 20:58:48] [INFO] [bot] 코그 로드 완료: welcomegoodbye.py
[2025-07-06 20:58:48] [INFO] [bot] 슬래시 명령어 동기화 완료.
[2025-07-06 20:58:50] [INFO] [bot] Exceed#0164 (ID: 1389668557759189052) 로 로그인 성공
[2025-07-06 20:58:50] [INFO] [bot] Persistent view 등록 완료
[2025-07-06 20:58:51] [INFO] [bot] 📨・지원서-제출 채널에 인터뷰 요청 버튼과 메시지를 보냈습니다.
[2025-07-06 20:58:51] [INFO] [bot] 📬・문의하기 채널에 버튼과 함께 문의 요청 메시지를 보냈습니다.
[2025-07-06 20:59:32] [INFO] [bot] ✅ Database pool created successfully.
[2025-07-06 20:59:32] [INFO] [bot] 코그 로드 완료: autoguest.py
[2025-07-06 20:59:32] [INFO] [bot] 코그 로드 완료: clanstats.py
[2025-07-06 20:59:32] [INFO] [bot] 코그 로드 완료: interview.py
[2025-07-06 20:59:32] [INFO] [bot] 코그 로드 완료: registration.py
[2025-07-06 20:59:32] [INFO] [bot] 코그 로드 완료: scraper.py
[2025-07-06 20:59:32] [INFO] [bot] 코그 로드 완료: ticket.py
[2025-07-06 20:59:32] [INFO] [bot] 코그 로드 완료: voice.py
[2025-07-06 20:59:32] [INFO] [bot] 코그 로드 완료: welcomegoodbye.py
[2025-07-06 20:59:33] [INFO] [bot] 슬래시 명령어 동기화 완료.
[2025-07-06 20:59:35] [INFO] [bot] Exceed#0164 (ID: 1389668557759189052) 로 로그인 성공
[2025-07-06 20:59:35] [INFO] [bot] Persistent view 등록 완료
[2025-07-06 20:59:35] [INFO] [bot] 📨・지원서-제출 채널에 인터뷰 요청 버튼과 메시지를 보냈습니다.
[2025-07-06 20:59:36] [INFO] [bot] 📬・문의하기 채널에 버튼과 함께 문의 요청 메시지를 보냈습니다.
[2025-07-06 21:00:37] [INFO] [bot] ✅ Database pool created successfully.
[2025-07-06 21:00:37] [INFO] [bot] 코그 로드 완료: autoguest.py
[2025-07-06 21:00:37] [INFO] [bot] 코그 로드 완료: clanstats.py
[2025-07-06 21:00:37] [INFO] [bot] 코그 로드 완료: interview.py
[2025-07-06 21:00:37] [INFO] [bot] 코그 로드 완료: registration.py
[2025-07-06 21:00:37] [INFO] [bot] 코그 로드 완료: scraper.py
[2025-07-06 21:00:37] [INFO] [bot] 코그 로드 완료: ticket.py
[2025-07-06 21:00:37] [INFO] [bot] 코그 로드 완료: voice.py
[2025-07-06 21:00:37] [INFO] [bot] 코그 로드 완료: welcomegoodbye.py
[2025-07-06 21:00:37] [INFO] [bot] 슬래시 명령어 동기화 완료.
[2025-07-06 21:00:39] [INFO] [bot] Exceed#0164 (ID: 1389668557759189052) 로 로그인 성공
[2025-07-06 21:00:39] [INFO] [bot] Persistent view 등록 완료
[2025-07-06 21:00:40] [INFO] [bot] 📨・지원서-제출 채널에 인터뷰 요청 버튼과 메시지를 보냈습니다.
[2025-07-06 21:00:40] [INFO] [bot] 📬・문의하기 채널에 버튼과 함께 문의 요청 메시지를 보냈습니다.
[2025-07-06 21:05:10] [INFO] [bot] ✅ Database pool created successfully.
[2025-07-06 21:05:10] [INFO] [bot] 코그 로드 완료: autoguest.py
[2025-07-06 21:05:10] [INFO] [bot] 코그 로드 완료: clanstats.py
[2025-07-06 21:05:10] [INFO] [bot] 코그 로드 완료: interview.py
[2025-07-06 21:05:10] [INFO] [bot] 코그 로드 완료: registration.py
[2025-07-06 21:05:10] [INFO] [bot] 코그 로드 완료: scraper.py
[2025-07-06 21:05:10] [INFO] [bot] 코그 로드 완료: ticket.py
[2025-07-06 21:05:10] [INFO] [bot] 코그 로드 완료: voice.py
[2025-07-06 21:05:10] [INFO] [bot] 코그 로드 완료: welcomegoodbye.py
[2025-07-06 21:05:10] [INFO] [bot] 슬래시 명령어 동기화 완료.
[2025-07-06 21:05:13] [INFO] [bot] Exceed#0164 (ID: 1389668557759189052) 로 로그인 성공
[2025-07-06 21:05:13] [INFO] [bot] Persistent view 등록 완료
[2025-07-06 21:05:13] [INFO] [bot] 📬・문의하기 채널에 버튼과 함께 문의 요청 메시지를 보냈습니다.
[2025-07-06 21:05:14] [INFO] [bot] 📨・지원서-제출 채널에 인터뷰 요청 버튼과 메시지를 보냈습니다.
[2025-07-06 21:09:23] [INFO] [bot] ✅ Database pool created successfully.
[2025-07-06 21:09:23] [INFO] [bot] 코그 로드 완료: autoguest.py
[2025-07-06 21:09:23] [INFO] [bot] 코그 로드 완료: clanstats.py
[2025-07-06 21:09:23] [INFO] [bot] 코그 로드 완료: interview.py
[2025-07-06 21:09:23] [INFO] [bot] 코그 로드 완료: registration.py
[2025-07-06 21:09:23] [INFO] [bot] 코그 로드 완료: scraper.py
[2025-07-06 21:09:23] [INFO] [bot] 코그 로드 완료: ticket.py
[2025-07-06 21:09:23] [INFO] [bot] 코그 로드 완료: voice.py
[2025-07-06 21:09:23] [INFO] [bot] 코그 로드 완료: welcomegoodbye.py
[2025-07-06 21:09:23] [INFO] [bot] 슬래시 명령어 동기화 완료.
[2025-07-06 21:09:26] [INFO] [bot] Exceed#0164 (ID: 1389668557759189052) 로 로그인 성공
[2025-07-06 21:09:26] [INFO] [bot] Persistent view 등록 완료
[2025-07-06 21:09:26] [INFO] [bot] 📨・지원서-제출 채널에 인터뷰 요청 버튼과 메시지를 보냈습니다.
[2025-07-06 21:09:26] [INFO] [bot] 📬・문의하기 채널에 버튼과 함께 문의 요청 메시지를 보냈습니다.
[2025-07-06 21:11:41] [INFO] [bot] ✅ Database pool created successfully.
[2025-07-06 21:11:41] [INFO] [bot] 코그 로드 완료: autoguest.py
[2025-07-06 21:11:41] [ERROR] [bot] clanstats.py 로드 실패: Extension 'cogs.clanstats' raised an error: NameError: name 'logger' is not defined
[2025-07-06 21:11:41] [INFO] [bot] 코그 로드 완료: interview.py
[2025-07-06 21:11:41] [INFO] [bot] 코그 로드 완료: registration.py
[2025-07-06 21:11:41] [INFO] [bot] 코그 로드 완료: scraper.py
[2025-07-06 21:11:41] [INFO] [bot] 코그 로드 완료: ticket.py
[2025-07-06 21:11:41] [INFO] [bot] 코그 로드 완료: voice.py
[2025-07-06 21:11:41] [INFO] [bot] 코그 로드 완료: welcomegoodbye.py
[2025-07-06 21:11:42] [INFO] [bot] 슬래시 명령어 동기화 완료.
[2025-07-06 21:11:44] [INFO] [bot] Exceed#0164 (ID: 1389668557759189052) 로 로그인 성공
[2025-07-06 21:11:44] [INFO] [bot] Persistent view 등록 완료
[2025-07-06 21:11:44] [INFO] [bot] 📨・지원서-제출 채널에 인터뷰 요청 버튼과 메시지를 보냈습니다.
[2025-07-06 21:11:45] [INFO] [bot] 📬・문의하기 채널에 버튼과 함께 문의 요청 메시지를 보냈습니다.
[2025-07-06 21:19:14] [INFO] [bot] ✅ Database pool created successfully.
[2025-07-06 21:19:14] [INFO] [bot] 코그 로드 완료: autoguest.py
[2025-07-06 21:19:14] [INFO] [bot] 코그 로드 완료: clanstats.py
[2025-07-06 21:19:14] [INFO] [bot] 코그 로드 완료: interview.py
[2025-07-06 21:19:14] [INFO] [bot] 코그 로드 완료: registration.py
[2025-07-06 21:19:14] [INFO] [bot] 코그 로드 완료: scraper.py
[2025-07-06 21:19:14] [INFO] [bot] 코그 로드 완료: ticket.py
[2025-07-06 21:19:14] [INFO] [bot] 코그 로드 완료: voice.py
[2025-07-06 21:19:14] [INFO] [bot] 코그 로드 완료: welcomegoodbye.py
[2025-07-06 21:19:15] [INFO] [bot] 슬래시 명령어 동기화 완료.
[2025-07-06 21:19:17] [INFO] [bot] Exceed#0164 (ID: 1389668557759189052) 로 로그인 성공
[2025-07-06 21:19:17] [INFO] [bot] Persistent view 등록 완료
[2025-07-06 21:19:18] [INFO] [bot] 📨・지원서-제출 채널에 인터뷰 요청 버튼과 메시지를 보냈습니다.
[2025-07-06 21:19:18] [INFO] [bot] 📬・문의하기 채널에 버튼과 함께 문의 요청 메시지를 보냈습니다.
[2025-07-06 21:25:21] [INFO] [bot] ✅ Database pool created successfully.
[2025-07-06 21:25:21] [INFO] [bot] 코그 로드 완료: autoguest.py
[2025-07-06 21:25:21] [INFO] [bot] 코그 로드 완료: clanstats.py
[2025-07-06 21:25:21] [INFO] [bot] 코그 로드 완료: interview.py
[2025-07-06 21:25:21] [INFO] [bot] 코그 로드 완료: registration.py
[2025-07-06 21:25:21] [INFO] [bot] 코그 로드 완료: scraper.py
[2025-07-06 21:25:21] [INFO] [bot] 코그 로드 완료: ticket.py
[2025-07-06 21:25:21] [INFO] [bot] 코그 로드 완료: voice.py
[2025-07-06 21:25:21] [INFO] [bot] 코그 로드 완료: welcomegoodbye.py
[2025-07-06 21:25:21] [INFO] [bot] 슬래시 명령어 동기화 완료.
[2025-07-06 21:25:23] [INFO] [bot] Exceed#0164 (ID: 1389668557759189052) 로 로그인 성공
[2025-07-06 21:25:23] [INFO] [bot] Persistent view 등록 완료
[2025-07-06 21:25:24] [INFO] [bot] 📬・문의하기 채널에 버튼과 함께 문의 요청 메시지를 보냈습니다.
[2025-07-06 21:25:24] [INFO] [bot] 📨・지원서-제출 채널에 인터뷰 요청 버튼과 메시지를 보냈습니다.
[2025-07-06 21:58:00] [INFO] [bot] ✅ Database pool created successfully.
[2025-07-06 21:58:00] [INFO] [bot] 코그 로드 완료: autoguest.py
[2025-07-06 21:58:00] [INFO] [bot] 코그 로드 완료: clanstats.py
[2025-07-06 21:58:00] [INFO] [bot] 코그 로드 완료: interview.py
[2025-07-06 21:58:00] [ERROR] [bot] leaderboard.py 로드 실패: Extension 'cogs.leaderboard' raised an error: ModuleNotFoundError: No module named 'pytz'
[2025-07-06 21:58:00] [INFO] [bot] 코그 로드 완료: registration.py
[2025-07-06 21:58:00] [INFO] [bot] 코그 로드 완료: scraper.py
[2025-07-06 21:58:00] [INFO] [bot] 코그 로드 완료: ticket.py
[2025-07-06 21:58:00] [INFO] [bot] 코그 로드 완료: voice.py
[2025-07-06 21:58:00] [INFO] [bot] 코그 로드 완료: welcomegoodbye.py
[2025-07-06 21:58:00] [INFO] [bot] 슬래시 명령어 동기화 완료.
[2025-07-06 21:58:03] [INFO] [bot] Exceed#0164 (ID: 1389668557759189052) 로 로그인 성공
[2025-07-06 21:58:03] [INFO] [bot] Persistent view 등록 완료
[2025-07-06 21:58:03] [INFO] [bot] 📨・지원서-제출 채널에 인터뷰 요청 버튼과 메시지를 보냈습니다.
[2025-07-06 21:58:05] [INFO] [bot] 📬・문의하기 채널에 버튼과 함께 문의 요청 메시지를 보냈습니다.
[2025-07-06 21:59:20] [INFO] [bot] ✅ Database pool created successfully.
[2025-07-06 21:59:20] [INFO] [bot] 코그 로드 완료: autoguest.py
[2025-07-06 21:59:20] [INFO] [bot] 코그 로드 완료: clanstats.py
[2025-07-06 21:59:20] [INFO] [bot] 코그 로드 완료: interview.py
[2025-07-06 21:59:20] [INFO] [bot] 코그 로드 완료: leaderboard.py
[2025-07-06 21:59:20] [INFO] [bot] 코그 로드 완료: registration.py
[2025-07-06 21:59:20] [INFO] [bot] 코그 로드 완료: scraper.py
[2025-07-06 21:59:20] [INFO] [bot] 코그 로드 완료: ticket.py
[2025-07-06 21:59:20] [INFO] [bot] 코그 로드 완료: voice.py
[2025-07-06 21:59:20] [INFO] [bot] 코그 로드 완료: welcomegoodbye.py
[2025-07-06 21:59:21] [INFO] [bot] 슬래시 명령어 동기화 완료.
[2025-07-06 21:59:23] [INFO] [bot] Exceed#0164 (ID: 1389668557759189052) 로 로그인 성공
[2025-07-06 21:59:23] [INFO] [bot] Persistent view 등록 완료
[2025-07-06 21:59:24] [INFO] [bot] 📨・지원서-제출 채널에 인터뷰 요청 버튼과 메시지를 보냈습니다.
[2025-07-06 21:59:24] [INFO] [bot] 📬・문의하기 채널에 버튼과 함께 문의 요청 메시지를 보냈습니다.
[2025-07-06 22:01:26] [INFO] [bot] ✅ Database pool created successfully.
[2025-07-06 22:01:26] [INFO] [bot] 코그 로드 완료: autoguest.py
[2025-07-06 22:01:26] [INFO] [bot] 코그 로드 완료: clanstats.py
[2025-07-06 22:01:26] [INFO] [bot] 코그 로드 완료: interview.py
[2025-07-06 22:01:26] [INFO] [bot] 코그 로드 완료: leaderboard.py
[2025-07-06 22:01:26] [INFO] [bot] 코그 로드 완료: registration.py
[2025-07-06 22:01:26] [INFO] [bot] 코그 로드 완료: scraper.py
[2025-07-06 22:01:26] [INFO] [bot] 코그 로드 완료: ticket.py
[2025-07-06 22:01:26] [INFO] [bot] 코그 로드 완료: voice.py
[2025-07-06 22:01:26] [INFO] [bot] 코그 로드 완료: welcomegoodbye.py
[2025-07-06 22:01:26] [INFO] [bot] 슬래시 명령어 동기화 완료.
[2025-07-06 22:01:29] [INFO] [bot] Exceed#0164 (ID: 1389668557759189052) 로 로그인 성공
[2025-07-06 22:01:29] [INFO] [bot] Persistent view 등록 완료
[2025-07-06 22:01:29] [INFO] [bot] 📨・지원서-제출 채널에 인터뷰 요청 버튼과 메시지를 보냈습니다.
[2025-07-06 22:01:30] [INFO] [bot] 📬・문의하기 채널에 버튼과 함께 문의 요청 메시지를 보냈습니다.
[2025-07-06 22:02:38] [INFO] [bot] ✅ Database pool created successfully.
[2025-07-06 22:02:38] [INFO] [bot] 코그 로드 완료: autoguest.py
[2025-07-06 22:02:38] [INFO] [bot] 코그 로드 완료: clanstats.py
[2025-07-06 22:02:38] [INFO] [bot] 코그 로드 완료: interview.py
[2025-07-06 22:02:38] [INFO] [bot] 코그 로드 완료: leaderboard.py
[2025-07-06 22:02:38] [INFO] [bot] 코그 로드 완료: registration.py
[2025-07-06 22:02:38] [INFO] [bot] 코그 로드 완료: scraper.py
[2025-07-06 22:02:38] [INFO] [bot] 코그 로드 완료: ticket.py
[2025-07-06 22:02:38] [INFO] [bot] 코그 로드 완료: voice.py
[2025-07-06 22:02:38] [INFO] [bot] 코그 로드 완료: welcomegoodbye.py
[2025-07-06 22:02:39] [INFO] [bot] 슬래시 명령어 동기화 완료.
[2025-07-06 22:02:41] [INFO] [bot] Exceed#0164 (ID: 1389668557759189052) 로 로그인 성공
[2025-07-06 22:02:41] [INFO] [bot] Persistent view 등록 완료
[2025-07-06 22:02:41] [INFO] [bot] 📬・문의하기 채널에 버튼과 함께 문의 요청 메시지를 보냈습니다.
[2025-07-06 22:02:41] [INFO] [bot] 📨・지원서-제출 채널에 인터뷰 요청 버튼과 메시지를 보냈습니다.
[2025-07-06 22:05:53] [INFO] [bot] ✅ Database pool created successfully.
[2025-07-06 22:05:53] [INFO] [bot] 코그 로드 완료: autoguest.py
[2025-07-06 22:05:53] [INFO] [bot] 코그 로드 완료: clanstats.py
[2025-07-06 22:05:53] [INFO] [bot] 코그 로드 완료: interview.py
[2025-07-06 22:05:53] [INFO] [bot] 코그 로드 완료: leaderboard.py
[2025-07-06 22:05:53] [INFO] [bot] 코그 로드 완료: registration.py
[2025-07-06 22:05:53] [INFO] [bot] 코그 로드 완료: scraper.py
[2025-07-06 22:05:53] [INFO] [bot] 코그 로드 완료: ticket.py
[2025-07-06 22:05:53] [INFO] [bot] 코그 로드 완료: voice.py
[2025-07-06 22:05:53] [INFO] [bot] 코그 로드 완료: welcomegoodbye.py
[2025-07-06 22:05:53] [INFO] [bot] 슬래시 명령어 동기화 완료.
[2025-07-06 22:05:56] [INFO] [bot] Exceed#0164 (ID: 1389668557759189052) 로 로그인 성공
[2025-07-06 22:05:56] [INFO] [bot] Persistent view 등록 완료
[2025-07-06 22:05:56] [INFO] [bot] 📬・문의하기 채널에 버튼과 함께 문의 요청 메시지를 보냈습니다.
[2025-07-06 22:05:57] [INFO] [bot] 📨・지원서-제출 채널에 인터뷰 요청 버튼과 메시지를 보냈습니다.
[2025-07-06 22:07:01] [INFO] [bot] ✅ Database pool created successfully.
[2025-07-06 22:07:01] [INFO] [bot] 코그 로드 완료: autoguest.py
[2025-07-06 22:07:01] [INFO] [bot] 코그 로드 완료: clanstats.py
[2025-07-06 22:07:01] [INFO] [bot] 코그 로드 완료: interview.py
[2025-07-06 22:07:01] [INFO] [bot] 코그 로드 완료: leaderboard.py
[2025-07-06 22:07:01] [INFO] [bot] 코그 로드 완료: registration.py
[2025-07-06 22:07:01] [INFO] [bot] 코그 로드 완료: scraper.py
[2025-07-06 22:07:01] [INFO] [bot] 코그 로드 완료: ticket.py
[2025-07-06 22:07:01] [INFO] [bot] 코그 로드 완료: voice.py
[2025-07-06 22:07:01] [INFO] [bot] 코그 로드 완료: welcomegoodbye.py
[2025-07-06 22:07:01] [INFO] [bot] 슬래시 명령어 동기화 완료.
[2025-07-06 22:07:03] [INFO] [bot] Exceed#0164 (ID: 1389668557759189052) 로 로그인 성공
[2025-07-06 22:07:03] [INFO] [bot] Persistent view 등록 완료
[2025-07-06 22:07:04] [INFO] [bot] 📨・지원서-제출 채널에 인터뷰 요청 버튼과 메시지를 보냈습니다.
[2025-07-06 22:07:04] [INFO] [bot] 📬・문의하기 채널에 버튼과 함께 문의 요청 메시지를 보냈습니다.
[2025-07-06 22:08:31] [INFO] [bot] ✅ Database pool created successfully.
[2025-07-06 22:08:31] [INFO] [bot] 코그 로드 완료: autoguest.py
[2025-07-06 22:08:31] [INFO] [bot] 코그 로드 완료: clanstats.py
[2025-07-06 22:08:31] [INFO] [bot] 코그 로드 완료: interview.py
[2025-07-06 22:08:31] [INFO] [bot] 코그 로드 완료: leaderboard.py
[2025-07-06 22:08:31] [INFO] [bot] 코그 로드 완료: registration.py
[2025-07-06 22:08:31] [INFO] [bot] 코그 로드 완료: scraper.py
[2025-07-06 22:08:31] [INFO] [bot] 코그 로드 완료: ticket.py
[2025-07-06 22:08:31] [INFO] [bot] 코그 로드 완료: voice.py
[2025-07-06 22:08:31] [INFO] [bot] 코그 로드 완료: welcomegoodbye.py
[2025-07-06 22:08:31] [INFO] [bot] 슬래시 명령어 동기화 완료.
[2025-07-06 22:08:33] [INFO] [bot] Exceed#0164 (ID: 1389668557759189052) 로 로그인 성공
[2025-07-06 22:08:33] [INFO] [bot] Persistent view 등록 완료
[2025-07-06 22:08:34] [INFO] [bot] 📬・문의하기 채널에 버튼과 함께 문의 요청 메시지를 보냈습니다.
[2025-07-06 22:08:34] [INFO] [bot] 📨・지원서-제출 채널에 인터뷰 요청 버튼과 메시지를 보냈습니다.
[2025-07-06 22:12:08] [INFO] [bot] ✅ Database pool created successfully.
[2025-07-06 22:12:08] [INFO] [bot] 코그 로드 완료: autoguest.py
[2025-07-06 22:12:08] [INFO] [bot] 코그 로드 완료: clanstats.py
[2025-07-06 22:12:08] [INFO] [bot] 코그 로드 완료: interview.py
[2025-07-06 22:12:08] [INFO] [bot] 코그 로드 완료: leaderboard.py
[2025-07-06 22:12:08] [INFO] [bot] 코그 로드 완료: registration.py
[2025-07-06 22:12:08] [INFO] [bot] 코그 로드 완료: scraper.py
[2025-07-06 22:12:08] [INFO] [bot] 코그 로드 완료: ticket.py
[2025-07-06 22:12:08] [INFO] [bot] 코그 로드 완료: voice.py
[2025-07-06 22:12:08] [INFO] [bot] 코그 로드 완료: welcomegoodbye.py
[2025-07-06 22:12:09] [INFO] [bot] 슬래시 명령어 동기화 완료.
[2025-07-06 22:12:11] [INFO] [bot] Exceed#0164 (ID: 1389668557759189052) 로 로그인 성공
[2025-07-06 22:12:11] [INFO] [bot] Persistent view 등록 완료
[2025-07-06 22:12:11] [INFO] [bot] 📬・문의하기 채널에 버튼과 함께 문의 요청 메시지를 보냈습니다.
[2025-07-06 22:12:13] [INFO] [bot] 📨・지원서-제출 채널에 인터뷰 요청 버튼과 메시지를 보냈습니다.
[2025-07-06 22:14:16] [INFO] [bot] ✅ Database pool created successfully.
[2025-07-06 22:14:16] [INFO] [bot] 코그 로드 완료: autoguest.py
[2025-07-06 22:14:16] [INFO] [bot] 코그 로드 완료: clanstats.py
[2025-07-06 22:14:16] [INFO] [bot] 코그 로드 완료: interview.py
[2025-07-06 22:14:16] [INFO] [bot] 코그 로드 완료: leaderboard.py
[2025-07-06 22:14:16] [INFO] [bot] 코그 로드 완료: registration.py
[2025-07-06 22:14:16] [INFO] [bot] 코그 로드 완료: scraper.py
[2025-07-06 22:14:16] [INFO] [bot] 코그 로드 완료: ticket.py
[2025-07-06 22:14:16] [INFO] [bot] 코그 로드 완료: voice.py
[2025-07-06 22:14:16] [INFO] [bot] 코그 로드 완료: welcomegoodbye.py
[2025-07-06 22:14:16] [INFO] [bot] 슬래시 명령어 동기화 완료.
[2025-07-06 22:14:18] [INFO] [bot] Exceed#0164 (ID: 1389668557759189052) 로 로그인 성공
[2025-07-06 22:14:18] [INFO] [bot] Persistent view 등록 완료
[2025-07-06 22:14:19] [INFO] [bot] 📨・지원서-제출 채널에 인터뷰 요청 버튼과 메시지를 보냈습니다.
[2025-07-06 22:14:19] [INFO] [bot] 📬・문의하기 채널에 버튼과 함께 문의 요청 메시지를 보냈습니다.
[2025-07-06 22:14:30] [INFO] [bot] ✅ Database pool created successfully.
[2025-07-06 22:14:30] [INFO] [bot] 코그 로드 완료: autoguest.py
[2025-07-06 22:14:30] [INFO] [bot] 코그 로드 완료: clanstats.py
[2025-07-06 22:14:30] [INFO] [bot] 코그 로드 완료: interview.py
[2025-07-06 22:14:30] [INFO] [bot] 코그 로드 완료: leaderboard.py
[2025-07-06 22:14:30] [INFO] [bot] 코그 로드 완료: registration.py
[2025-07-06 22:14:30] [INFO] [bot] 코그 로드 완료: scraper.py
[2025-07-06 22:14:30] [INFO] [bot] 코그 로드 완료: ticket.py
[2025-07-06 22:14:30] [INFO] [bot] 코그 로드 완료: voice.py
[2025-07-06 22:14:30] [INFO] [bot] 코그 로드 완료: welcomegoodbye.py
[2025-07-06 22:15:16] [INFO] [bot] 슬래시 명령어 동기화 완료.
[2025-07-06 22:15:18] [INFO] [bot] Exceed#0164 (ID: 1389668557759189052) 로 로그인 성공
[2025-07-06 22:15:18] [INFO] [bot] Persistent view 등록 완료
[2025-07-06 22:15:19] [INFO] [bot] 📨・지원서-제출 채널에 인터뷰 요청 버튼과 메시지를 보냈습니다.
[2025-07-06 22:15:19] [INFO] [bot] 📬・문의하기 채널에 버튼과 함께 문의 요청 메시지를 보냈습니다.
[2025-07-06 22:15:36] [INFO] [bot] ✅ Database pool created successfully.
[2025-07-06 22:15:36] [INFO] [bot] 코그 로드 완료: autoguest.py
[2025-07-06 22:15:36] [INFO] [bot] 코그 로드 완료: clanstats.py
[2025-07-06 22:15:36] [INFO] [bot] 코그 로드 완료: interview.py
[2025-07-06 22:15:36] [INFO] [bot] 코그 로드 완료: leaderboard.py
[2025-07-06 22:15:36] [INFO] [bot] 코그 로드 완료: registration.py
[2025-07-06 22:15:36] [INFO] [bot] 코그 로드 완료: scraper.py
[2025-07-06 22:15:36] [INFO] [bot] 코그 로드 완료: ticket.py
[2025-07-06 22:15:36] [INFO] [bot] 코그 로드 완료: voice.py
[2025-07-06 22:15:36] [INFO] [bot] 코그 로드 완료: welcomegoodbye.py
[2025-07-06 22:15:36] [INFO] [bot] 슬래시 명령어 동기화 완료.
[2025-07-06 22:15:39] [INFO] [bot] Exceed#0164 (ID: 1389668557759189052) 로 로그인 성공
[2025-07-06 22:15:39] [INFO] [bot] Persistent view 등록 완료
[2025-07-06 22:15:39] [INFO] [bot] 📨・지원서-제출 채널에 인터뷰 요청 버튼과 메시지를 보냈습니다.
[2025-07-06 22:15:39] [INFO] [bot] 📬・문의하기 채널에 버튼과 함께 문의 요청 메시지를 보냈습니다.
[2025-07-06 22:18:09] [INFO] [bot] ✅ Database pool created successfully.
[2025-07-06 22:18:09] [INFO] [bot] 코그 로드 완료: autoguest.py
[2025-07-06 22:18:09] [INFO] [bot] 코그 로드 완료: clanstats.py
[2025-07-06 22:18:09] [INFO] [bot] 코그 로드 완료: interview.py
[2025-07-06 22:18:09] [INFO] [bot] 코그 로드 완료: leaderboard.py
[2025-07-06 22:18:09] [INFO] [bot] 코그 로드 완료: registration.py
[2025-07-06 22:18:09] [INFO] [bot] 코그 로드 완료: scraper.py
[2025-07-06 22:18:09] [INFO] [bot] 코그 로드 완료: ticket.py
[2025-07-06 22:18:09] [INFO] [bot] 코그 로드 완료: voice.py
[2025-07-06 22:18:09] [INFO] [bot] 코그 로드 완료: welcomegoodbye.py
[2025-07-06 22:18:10] [INFO] [bot] 슬래시 명령어 동기화 완료.
[2025-07-06 22:18:12] [INFO] [bot] Exceed#0164 (ID: 1389668557759189052) 로 로그인 성공
[2025-07-06 22:18:12] [INFO] [bot] Persistent view 등록 완료
[2025-07-06 22:18:13] [INFO] [bot] 📨・지원서-제출 채널에 인터뷰 요청 버튼과 메시지를 보냈습니다.
[2025-07-06 22:18:13] [INFO] [bot] 📬・문의하기 채널에 버튼과 함께 문의 요청 메시지를 보냈습니다.
[2025-07-06 22:18:57] [INFO] [bot] ✅ Database pool created successfully.
[2025-07-06 22:18:57] [INFO] [bot] 코그 로드 완료: autoguest.py
[2025-07-06 22:18:57] [INFO] [bot] 코그 로드 완료: clanstats.py
[2025-07-06 22:18:57] [INFO] [bot] 코그 로드 완료: interview.py
[2025-07-06 22:18:57] [INFO] [bot] 코그 로드 완료: leaderboard.py
[2025-07-06 22:18:57] [INFO] [bot] 코그 로드 완료: registration.py
[2025-07-06 22:18:57] [INFO] [bot] 코그 로드 완료: scraper.py
[2025-07-06 22:18:57] [INFO] [bot] 코그 로드 완료: ticket.py
[2025-07-06 22:18:57] [INFO] [bot] 코그 로드 완료: voice.py
[2025-07-06 22:18:57] [INFO] [bot] 코그 로드 완료: welcomegoodbye.py
[2025-07-06 22:18:57] [INFO] [bot] 슬래시 명령어 동기화 완료.
[2025-07-06 22:19:00] [INFO] [bot] Exceed#0164 (ID: 1389668557759189052) 로 로그인 성공
[2025-07-06 22:19:00] [INFO] [bot] Persistent view 등록 완료
[2025-07-06 22:19:00] [INFO] [bot] 📨・지원서-제출 채널에 인터뷰 요청 버튼과 메시지를 보냈습니다.
[2025-07-06 22:19:00] [INFO] [bot] 📬・문의하기 채널에 버튼과 함께 문의 요청 메시지를 보냈습니다.
[2025-07-06 22:19:41] [INFO] [bot] ✅ Database pool created successfully.
[2025-07-06 22:19:41] [INFO] [bot] 코그 로드 완료: autoguest.py
[2025-07-06 22:19:41] [INFO] [bot] 코그 로드 완료: clanstats.py
[2025-07-06 22:19:41] [INFO] [bot] 코그 로드 완료: interview.py
[2025-07-06 22:19:41] [INFO] [bot] 코그 로드 완료: leaderboard.py
[2025-07-06 22:19:41] [INFO] [bot] 코그 로드 완료: registration.py
[2025-07-06 22:19:41] [INFO] [bot] 코그 로드 완료: scraper.py
[2025-07-06 22:19:41] [INFO] [bot] 코그 로드 완료: ticket.py
[2025-07-06 22:19:41] [INFO] [bot] 코그 로드 완료: voice.py
[2025-07-06 22:19:41] [INFO] [bot] 코그 로드 완료: welcomegoodbye.py
[2025-07-06 22:19:41] [INFO] [bot] 슬래시 명령어 동기화 완료.
[2025-07-06 22:19:44] [INFO] [bot] Exceed#0164 (ID: 1389668557759189052) 로 로그인 성공
[2025-07-06 22:19:44] [INFO] [bot] Persistent view 등록 완료
[2025-07-06 22:19:44] [INFO] [bot] 📨・지원서-제출 채널에 인터뷰 요청 버튼과 메시지를 보냈습니다.
[2025-07-06 22:19:44] [INFO] [bot] 📬・문의하기 채널에 버튼과 함께 문의 요청 메시지를 보냈습니다.
[2025-07-06 22:20:48] [INFO] [bot] ✅ Database pool created successfully.
[2025-07-06 22:20:48] [INFO] [bot] 코그 로드 완료: autoguest.py
[2025-07-06 22:20:48] [INFO] [bot] 코그 로드 완료: clanstats.py
[2025-07-06 22:20:48] [INFO] [bot] 코그 로드 완료: interview.py
[2025-07-06 22:20:48] [INFO] [bot] 코그 로드 완료: leaderboard.py
[2025-07-06 22:20:48] [INFO] [bot] 코그 로드 완료: registration.py
[2025-07-06 22:20:48] [INFO] [bot] 코그 로드 완료: scraper.py
[2025-07-06 22:20:48] [INFO] [bot] 코그 로드 완료: ticket.py
[2025-07-06 22:20:48] [INFO] [bot] 코그 로드 완료: voice.py
[2025-07-06 22:20:48] [INFO] [bot] 코그 로드 완료: welcomegoodbye.py
[2025-07-06 22:20:48] [INFO] [bot] 슬래시 명령어 동기화 완료.
[2025-07-06 22:20:51] [INFO] [bot] Exceed#0164 (ID: 1389668557759189052) 로 로그인 성공
[2025-07-06 22:20:51] [INFO] [bot] Persistent view 등록 완료
[2025-07-06 22:20:51] [INFO] [bot] 📨・지원서-제출 채널에 인터뷰 요청 버튼과 메시지를 보냈습니다.
[2025-07-06 22:20:51] [INFO] [bot] 📬・문의하기 채널에 버튼과 함께 문의 요청 메시지를 보냈습니다.
[2025-07-06 22:21:26] [INFO] [bot] ✅ Database pool created successfully.
[2025-07-06 22:21:26] [INFO] [bot] 코그 로드 완료: autoguest.py
[2025-07-06 22:21:26] [INFO] [bot] 코그 로드 완료: clanstats.py
[2025-07-06 22:21:26] [INFO] [bot] 코그 로드 완료: interview.py
[2025-07-06 22:21:26] [INFO] [bot] 코그 로드 완료: leaderboard.py
[2025-07-06 22:21:26] [INFO] [bot] 코그 로드 완료: registration.py
[2025-07-06 22:21:26] [INFO] [bot] 코그 로드 완료: scraper.py
[2025-07-06 22:21:26] [INFO] [bot] 코그 로드 완료: ticket.py
[2025-07-06 22:21:26] [INFO] [bot] 코그 로드 완료: voice.py
[2025-07-06 22:21:26] [INFO] [bot] 코그 로드 완료: welcomegoodbye.py
[2025-07-06 22:21:26] [INFO] [bot] 슬래시 명령어 동기화 완료.
[2025-07-06 22:21:29] [INFO] [bot] Exceed#0164 (ID: 1389668557759189052) 로 로그인 성공
[2025-07-06 22:21:29] [INFO] [bot] Persistent view 등록 완료
[2025-07-06 22:21:29] [INFO] [bot] 📨・지원서-제출 채널에 인터뷰 요청 버튼과 메시지를 보냈습니다.
[2025-07-06 22:21:29] [INFO] [bot] 📬・문의하기 채널에 버튼과 함께 문의 요청 메시지를 보냈습니다.
[2025-07-06 22:21:40] [INFO] [bot] ✅ Database pool created successfully.
[2025-07-06 22:21:40] [INFO] [bot] 코그 로드 완료: autoguest.py
[2025-07-06 22:21:40] [INFO] [bot] 코그 로드 완료: clanstats.py
[2025-07-06 22:21:40] [INFO] [bot] 코그 로드 완료: interview.py
[2025-07-06 22:21:40] [INFO] [bot] 코그 로드 완료: leaderboard.py
[2025-07-06 22:21:40] [INFO] [bot] 코그 로드 완료: registration.py
[2025-07-06 22:21:40] [INFO] [bot] 코그 로드 완료: scraper.py
[2025-07-06 22:21:40] [INFO] [bot] 코그 로드 완료: ticket.py
[2025-07-06 22:21:40] [INFO] [bot] 코그 로드 완료: voice.py
[2025-07-06 22:21:40] [INFO] [bot] 코그 로드 완료: welcomegoodbye.py
[2025-07-06 22:22:18] [INFO] [bot] ✅ Database pool created successfully.
[2025-07-06 22:22:18] [INFO] [bot] 코그 로드 완료: autoguest.py
[2025-07-06 22:22:18] [INFO] [bot] 코그 로드 완료: clanstats.py
[2025-07-06 22:22:18] [INFO] [bot] 코그 로드 완료: interview.py
[2025-07-06 22:22:18] [INFO] [bot] 코그 로드 완료: leaderboard.py
[2025-07-06 22:22:18] [INFO] [bot] 코그 로드 완료: registration.py
[2025-07-06 22:22:18] [INFO] [bot] 코그 로드 완료: scraper.py
[2025-07-06 22:22:18] [INFO] [bot] 코그 로드 완료: ticket.py
[2025-07-06 22:22:18] [INFO] [bot] 코그 로드 완료: voice.py
[2025-07-06 22:22:18] [INFO] [bot] 코그 로드 완료: welcomegoodbye.py
[2025-07-06 22:22:57] [INFO] [bot] 슬래시 명령어 동기화 완료.
[2025-07-06 22:22:59] [INFO] [bot] Exceed#0164 (ID: 1389668557759189052) 로 로그인 성공
[2025-07-06 22:22:59] [INFO] [bot] Persistent view 등록 완료
[2025-07-06 22:23:00] [INFO] [bot] 📬・문의하기 채널에 버튼과 함께 문의 요청 메시지를 보냈습니다.
[2025-07-06 22:23:00] [INFO] [bot] 📨・지원서-제출 채널에 인터뷰 요청 버튼과 메시지를 보냈습니다.
[2025-07-06 22:24:04] [INFO] [bot] ✅ Database pool created successfully.
[2025-07-06 22:24:04] [INFO] [bot] 코그 로드 완료: autoguest.py
[2025-07-06 22:24:04] [INFO] [bot] 코그 로드 완료: clanstats.py
[2025-07-06 22:24:04] [INFO] [bot] 코그 로드 완료: interview.py
[2025-07-06 22:24:04] [INFO] [bot] 코그 로드 완료: leaderboard.py
[2025-07-06 22:24:04] [INFO] [bot] 코그 로드 완료: registration.py
[2025-07-06 22:24:04] [INFO] [bot] 코그 로드 완료: scraper.py
[2025-07-06 22:24:04] [INFO] [bot] 코그 로드 완료: ticket.py
[2025-07-06 22:24:04] [INFO] [bot] 코그 로드 완료: voice.py
[2025-07-06 22:24:04] [INFO] [bot] 코그 로드 완료: welcomegoodbye.py
[2025-07-06 22:24:05] [INFO] [bot] 슬래시 명령어 동기화 완료.
[2025-07-06 22:24:07] [INFO] [bot] Exceed#0164 (ID: 1389668557759189052) 로 로그인 성공
[2025-07-06 22:24:07] [INFO] [bot] Persistent view 등록 완료
[2025-07-06 22:24:07] [INFO] [bot] 📨・지원서-제출 채널에 인터뷰 요청 버튼과 메시지를 보냈습니다.
[2025-07-06 22:24:08] [INFO] [bot] 📬・문의하기 채널에 버튼과 함께 문의 요청 메시지를 보냈습니다.
[2025-07-06 22:26:24] [INFO] [bot] ✅ Database pool created successfully.
[2025-07-06 22:26:24] [INFO] [bot] 코그 로드 완료: autoguest.py
[2025-07-06 22:26:24] [INFO] [bot] 코그 로드 완료: clanstats.py
[2025-07-06 22:26:24] [INFO] [bot] 코그 로드 완료: interview.py
[2025-07-06 22:26:25] [INFO] [bot] 코그 로드 완료: leaderboard.py
[2025-07-06 22:26:25] [INFO] [bot] 코그 로드 완료: registration.py
[2025-07-06 22:26:25] [INFO] [bot] 코그 로드 완료: scraper.py
[2025-07-06 22:26:25] [INFO] [bot] 코그 로드 완료: ticket.py
[2025-07-06 22:26:25] [INFO] [bot] 코그 로드 완료: voice.py
[2025-07-06 22:26:25] [INFO] [bot] 코그 로드 완료: welcomegoodbye.py
[2025-07-06 22:26:25] [INFO] [bot] 슬래시 명령어 동기화 완료.
[2025-07-06 22:26:27] [INFO] [bot] Exceed#0164 (ID: 1389668557759189052) 로 로그인 성공
[2025-07-06 22:26:27] [INFO] [bot] Persistent view 등록 완료
[2025-07-06 22:26:28] [INFO] [bot] 📨・지원서-제출 채널에 인터뷰 요청 버튼과 메시지를 보냈습니다.
[2025-07-06 22:26:28] [INFO] [bot] 📬・문의하기 채널에 버튼과 함께 문의 요청 메시지를 보냈습니다.
[2025-07-06 22:28:37] [INFO] [bot] ✅ Database pool created successfully.
[2025-07-06 22:28:37] [INFO] [bot] 코그 로드 완료: autoguest.py
[2025-07-06 22:28:37] [INFO] [bot] 코그 로드 완료: clanstats.py
[2025-07-06 22:28:37] [INFO] [bot] 코그 로드 완료: interview.py
[2025-07-06 22:28:37] [INFO] [bot] 코그 로드 완료: leaderboard.py
[2025-07-06 22:28:37] [INFO] [bot] 코그 로드 완료: registration.py
[2025-07-06 22:28:37] [INFO] [bot] 코그 로드 완료: scraper.py
[2025-07-06 22:28:37] [INFO] [bot] 코그 로드 완료: ticket.py
[2025-07-06 22:28:37] [INFO] [bot] 코그 로드 완료: voice.py
[2025-07-06 22:28:37] [INFO] [bot] 코그 로드 완료: welcomegoodbye.py
[2025-07-06 22:28:38] [INFO] [bot] 슬래시 명령어 동기화 완료.
[2025-07-06 22:28:40] [INFO] [bot] Exceed#0164 (ID: 1389668557759189052) 로 로그인 성공
[2025-07-06 22:28:40] [INFO] [bot] Persistent view 등록 완료
[2025-07-06 22:28:40] [INFO] [bot] 📨・지원서-제출 채널에 인터뷰 요청 버튼과 메시지를 보냈습니다.
[2025-07-06 22:28:41] [INFO] [bot] 📬・문의하기 채널에 버튼과 함께 문의 요청 메시지를 보냈습니다.
[2025-07-06 22:30:45] [INFO] [bot] ✅ Database pool created successfully.
[2025-07-06 22:30:45] [INFO] [bot] 코그 로드 완료: autoguest.py
[2025-07-06 22:30:45] [INFO] [bot] 코그 로드 완료: clanstats.py
[2025-07-06 22:30:45] [INFO] [bot] 코그 로드 완료: interview.py
[2025-07-06 22:30:46] [INFO] [bot] 코그 로드 완료: leaderboard.py
[2025-07-06 22:30:46] [INFO] [bot] 코그 로드 완료: registration.py
[2025-07-06 22:30:46] [INFO] [bot] 코그 로드 완료: scraper.py
[2025-07-06 22:30:46] [INFO] [bot] 코그 로드 완료: ticket.py
[2025-07-06 22:30:46] [INFO] [bot] 코그 로드 완료: voice.py
[2025-07-06 22:30:46] [INFO] [bot] 코그 로드 완료: welcomegoodbye.py
[2025-07-06 22:30:46] [INFO] [bot] 슬래시 명령어 동기화 완료.
[2025-07-06 22:30:48] [INFO] [bot] Exceed#0164 (ID: 1389668557759189052) 로 로그인 성공
[2025-07-06 22:30:48] [INFO] [bot] Persistent view 등록 완료
[2025-07-06 22:30:49] [INFO] [bot] 📬・문의하기 채널에 버튼과 함께 문의 요청 메시지를 보냈습니다.
[2025-07-06 22:30:49] [INFO] [bot] 📨・지원서-제출 채널에 인터뷰 요청 버튼과 메시지를 보냈습니다.
[2025-07-06 22:32:00] [INFO] [bot] ✅ Database pool created successfully.
[2025-07-06 22:32:00] [INFO] [bot] 코그 로드 완료: autoguest.py
[2025-07-06 22:32:00] [INFO] [bot] 코그 로드 완료: clanstats.py
[2025-07-06 22:32:00] [INFO] [bot] 코그 로드 완료: interview.py
[2025-07-06 22:32:00] [INFO] [bot] 코그 로드 완료: leaderboard.py
[2025-07-06 22:32:00] [INFO] [bot] 코그 로드 완료: registration.py
[2025-07-06 22:32:00] [INFO] [bot] 코그 로드 완료: scraper.py
[2025-07-06 22:32:00] [INFO] [bot] 코그 로드 완료: ticket.py
[2025-07-06 22:32:00] [INFO] [bot] 코그 로드 완료: voice.py
[2025-07-06 22:32:00] [INFO] [bot] 코그 로드 완료: welcomegoodbye.py
[2025-07-06 22:32:01] [INFO] [bot] 슬래시 명령어 동기화 완료.
[2025-07-06 22:32:03] [INFO] [bot] Exceed#0164 (ID: 1389668557759189052) 로 로그인 성공
[2025-07-06 22:32:03] [INFO] [bot] Persistent view 등록 완료
[2025-07-06 22:32:04] [INFO] [bot] 📨・지원서-제출 채널에 인터뷰 요청 버튼과 메시지를 보냈습니다.
[2025-07-06 22:32:05] [INFO] [bot] 📬・문의하기 채널에 버튼과 함께 문의 요청 메시지를 보냈습니다.
[2025-07-06 22:32:24] [INFO] [bot] ✅ Database pool created successfully.
[2025-07-06 22:32:24] [INFO] [bot] 코그 로드 완료: autoguest.py
[2025-07-06 22:32:24] [INFO] [bot] 코그 로드 완료: clanstats.py
[2025-07-06 22:32:24] [INFO] [bot] 코그 로드 완료: interview.py
[2025-07-06 22:32:24] [INFO] [bot] 코그 로드 완료: leaderboard.py
[2025-07-06 22:32:24] [INFO] [bot] 코그 로드 완료: registration.py
[2025-07-06 22:32:24] [INFO] [bot] 코그 로드 완료: scraper.py
[2025-07-06 22:32:24] [INFO] [bot] 코그 로드 완료: ticket.py
[2025-07-06 22:32:24] [INFO] [bot] 코그 로드 완료: voice.py
[2025-07-06 22:32:24] [INFO] [bot] 코그 로드 완료: welcomegoodbye.py
[2025-07-06 22:33:01] [INFO] [bot] 슬래시 명령어 동기화 완료.
[2025-07-06 22:33:03] [INFO] [bot] Exceed#0164 (ID: 1389668557759189052) 로 로그인 성공
[2025-07-06 22:33:03] [INFO] [bot] Persistent view 등록 완료
[2025-07-06 22:33:03] [INFO] [bot] 📨・지원서-제출 채널에 인터뷰 요청 버튼과 메시지를 보냈습니다.
[2025-07-06 22:33:03] [INFO] [bot] 📬・문의하기 채널에 버튼과 함께 문의 요청 메시지를 보냈습니다.
[2025-07-07 10:59:47] [INFO] [bot] ✅ Database pool created successfully.
[2025-07-07 10:59:47] [INFO] [bot] 코그 로드 완료: autoguest.py
[2025-07-07 10:59:47] [INFO] [bot] 코그 로드 완료: clanstats.py
[2025-07-07 10:59:47] [INFO] [bot] 코그 로드 완료: interview.py
[2025-07-07 10:59:48] [INFO] [bot] 코그 로드 완료: leaderboard.py
[2025-07-07 10:59:48] [INFO] [bot] 코그 로드 완료: registration.py
[2025-07-07 10:59:48] [INFO] [bot] 코그 로드 완료: scraper.py
[2025-07-07 10:59:48] [INFO] [bot] 코그 로드 완료: ticket.py
[2025-07-07 10:59:48] [INFO] [bot] 코그 로드 완료: voice.py
[2025-07-07 10:59:48] [INFO] [bot] 코그 로드 완료: welcomegoodbye.py
[2025-07-07 10:59:48] [INFO] [bot] 슬래시 명령어 동기화 완료.
[2025-07-07 10:59:50] [INFO] [bot] Exceed#0164 (ID: 1389668557759189052) 로 로그인 성공
[2025-07-07 10:59:50] [INFO] [bot] Persistent view 등록 완료
[2025-07-07 10:59:51] [INFO] [bot] 📬・문의하기 채널에 버튼과 함께 문의 요청 메시지를 보냈습니다.
[2025-07-07 10:59:51] [INFO] [bot] 📨・지원서-제출 채널에 인터뷰 요청 버튼과 메시지를 보냈습니다.
[2025-07-07 10:59:53] [INFO] [bot] 🎫 겨울님이 `ticket-318228043749523456` 티켓을 생성했습니다.
[2025-07-07 11:00:01] [INFO] [bot] ✅ 겨울님의 `ticket-318228043749523456` 티켓이 닫히고 기록이 저장되었습니다.
[2025-07-07 11:00:05] [INFO] [bot] 🎫 !테스트님이 `ticket-1365499246962540606` 티켓을 생성했습니다.
[2025-07-07 11:00:19] [INFO] [bot] ✅ !테스트님의 `ticket-1365499246962540606` 티켓이 닫히고 기록이 저장되었습니다.
[2025-07-07 11:36:50] [INFO] [bot] ✅ Database pool created successfully.
[2025-07-07 11:36:50] [INFO] [bot] 코그 로드 완료: autoguest.py
[2025-07-07 11:36:50] [INFO] [bot] 코그 로드 완료: clanstats.py
[2025-07-07 11:36:50] [INFO] [bot] 코그 로드 완료: interview.py
[2025-07-07 11:36:50] [INFO] [bot] 코그 로드 완료: leaderboard.py
[2025-07-07 11:36:50] [INFO] [bot] 코그 로드 완료: reaction_roles.py
[2025-07-07 11:36:50] [INFO] [bot] 코그 로드 완료: registration.py
[2025-07-07 11:36:50] [INFO] [bot] 코그 로드 완료: scraper.py
[2025-07-07 11:36:50] [INFO] [bot] 코그 로드 완료: ticket.py
[2025-07-07 11:36:50] [INFO] [bot] 코그 로드 완료: voice.py
[2025-07-07 11:36:50] [INFO] [bot] 코그 로드 완료: welcomegoodbye.py
[2025-07-07 11:36:50] [INFO] [bot] 슬래시 명령어 동기화 완료.
[2025-07-07 11:36:52] [INFO] [bot] Exceed#0164 (ID: 1389668557759189052) 로 로그인 성공
[2025-07-07 11:36:52] [INFO] [bot] Persistent view 등록 완료
[2025-07-07 11:36:53] [INFO] [bot] 📨・지원서-제출 채널에 인터뷰 요청 버튼과 메시지를 보냈습니다.
[2025-07-07 11:36:53] [INFO] [bot] 📬・문의하기 채널에 버튼과 함께 문의 요청 메시지를 보냈습니다.
[2025-07-07 11:40:35] [INFO] [bot] ✅ Database pool created successfully.
[2025-07-07 11:40:35] [INFO] [bot] 코그 로드 완료: autoguest.py
[2025-07-07 11:40:35] [INFO] [bot] 코그 로드 완료: clanstats.py
[2025-07-07 11:40:35] [INFO] [bot] 코그 로드 완료: interview.py
[2025-07-07 11:40:35] [INFO] [bot] 코그 로드 완료: leaderboard.py
[2025-07-07 11:44:22] [INFO] [bot] ✅ Database pool created successfully.
[2025-07-07 11:44:22] [INFO] [bot] 코그 로드 완료: autoguest.py
[2025-07-07 11:44:22] [INFO] [bot] 코그 로드 완료: clanstats.py
[2025-07-07 11:44:22] [INFO] [bot] 코그 로드 완료: interview.py
[2025-07-07 11:44:22] [INFO] [bot] 코그 로드 완료: leaderboard.py
[2025-07-07 11:45:17] [INFO] [bot] ✅ Database pool created successfully.
[2025-07-07 11:45:17] [INFO] [bot] 코그 로드 완료: autoguest.py
[2025-07-07 11:45:17] [INFO] [bot] 코그 로드 완료: clanstats.py
[2025-07-07 11:45:17] [INFO] [bot] 코그 로드 완료: interview.py
[2025-07-07 11:45:18] [INFO] [bot] 코그 로드 완료: leaderboard.py
[2025-07-07 11:50:12] [INFO] [bot] ✅ Database pool created successfully.
[2025-07-07 11:50:12] [INFO] [bot] 코그 로드 완료: autoguest.py
[2025-07-07 11:50:12] [INFO] [bot] 코그 로드 완료: clanstats.py
[2025-07-07 11:50:12] [INFO] [bot] 코그 로드 완료: interview.py
[2025-07-07 11:50:13] [INFO] [bot] 코그 로드 완료: leaderboard.py
[2025-07-07 11:52:29] [INFO] [bot] ✅ Database pool created successfully.
[2025-07-07 11:52:29] [INFO] [bot] 코그 로드 완료: autoguest.py
[2025-07-07 11:52:29] [INFO] [bot] 코그 로드 완료: clanstats.py
[2025-07-07 11:52:29] [INFO] [bot] 코그 로드 완료: interview.py
[2025-07-07 11:52:29] [INFO] [bot] 코그 로드 완료: leaderboard.py
[2025-07-07 11:53:33] [INFO] [bot] ✅ Database pool created successfully.
[2025-07-07 11:53:33] [INFO] [bot] 코그 로드 완료: autoguest.py
[2025-07-07 11:53:33] [INFO] [bot] 코그 로드 완료: clanstats.py
[2025-07-07 11:53:33] [INFO] [bot] 코그 로드 완료: interview.py
[2025-07-07 11:53:33] [INFO] [bot] 코그 로드 완료: leaderboard.py
[2025-07-07 11:54:11] [INFO] [bot] ✅ Database pool created successfully.
[2025-07-07 11:54:11] [INFO] [bot] 코그 로드 완료: autoguest.py
[2025-07-07 11:54:11] [INFO] [bot] 코그 로드 완료: clanstats.py
[2025-07-07 11:54:11] [INFO] [bot] 코그 로드 완료: interview.py
[2025-07-07 11:54:11] [INFO] [bot] 코그 로드 완료: leaderboard.py
[2025-07-07 11:55:10] [INFO] [bot] ✅ Database pool created successfully.
[2025-07-07 11:55:10] [INFO] [bot] 코그 로드 완료: autoguest.py
[2025-07-07 11:55:10] [INFO] [bot] 코그 로드 완료: clanstats.py
[2025-07-07 11:55:10] [INFO] [bot] 코그 로드 완료: interview.py
[2025-07-07 11:55:10] [INFO] [bot] 코그 로드 완료: leaderboard.py
[2025-07-07 11:57:23] [INFO] [bot] ✅ Database pool created successfully.
[2025-07-07 11:57:23] [INFO] [bot] 코그 로드 완료: autoguest.py
[2025-07-07 11:57:23] [INFO] [bot] 코그 로드 완료: clanstats.py
[2025-07-07 11:57:23] [INFO] [bot] 코그 로드 완료: interview.py
[2025-07-07 11:57:23] [INFO] [bot] 코그 로드 완료: leaderboard.py
[2025-07-07 11:58:59] [INFO] [bot] ✅ Database pool created successfully.
[2025-07-07 11:58:59] [INFO] [bot] 코그 로드 완료: autoguest.py
[2025-07-07 11:58:59] [INFO] [bot] 코그 로드 완료: clanstats.py
[2025-07-07 11:58:59] [INFO] [bot] 코그 로드 완료: interview.py
[2025-07-07 11:58:59] [INFO] [bot] 코그 로드 완료: leaderboard.py
[2025-07-07 12:03:12] [INFO] [bot] ✅ Database pool created successfully.
[2025-07-07 12:03:12] [INFO] [bot] 코그 로드 완료: autoguest.py
[2025-07-07 12:03:12] [INFO] [bot] 코그 로드 완료: clanstats.py
[2025-07-07 12:03:12] [INFO] [bot] 코그 로드 완료: interview.py
[2025-07-07 12:03:12] [INFO] [bot] 코그 로드 완료: leaderboard.py
[2025-07-07 12:04:02] [INFO] [bot] ✅ Database pool created successfully.
[2025-07-07 12:04:02] [INFO] [bot] 코그 로드 완료: autoguest.py
[2025-07-07 12:04:02] [INFO] [bot] 코그 로드 완료: clanstats.py
[2025-07-07 12:04:02] [INFO] [bot] 코그 로드 완료: interview.py
[2025-07-07 12:04:02] [INFO] [bot] 코그 로드 완료: leaderboard.py
[2025-07-07 12:23:10] [INFO] [bot] ✅ Database pool created successfully.
[2025-07-07 12:23:10] [INFO] [bot] 코그 로드 완료: autoguest.py
[2025-07-07 12:23:10] [INFO] [bot] 코그 로드 완료: clanstats.py
[2025-07-07 12:23:10] [INFO] [bot] 코그 로드 완료: interview.py
[2025-07-07 12:23:10] [INFO] [bot] 코그 로드 완료: leaderboard.py
[2025-07-07 12:32:09] [INFO] [bot] ✅ Database pool created successfully.
[2025-07-07 12:32:09] [INFO] [bot] 코그 로드 완료: autoguest.py
[2025-07-07 12:32:09] [INFO] [bot] 코그 로드 완료: clanstats.py
[2025-07-07 12:32:09] [INFO] [bot] 코그 로드 완료: interview.py
[2025-07-07 12:32:10] [INFO] [bot] 코그 로드 완료: leaderboard.py
[2025-07-07 12:35:11] [INFO] [bot] ✅ Database pool created successfully.
[2025-07-07 12:35:11] [INFO] [bot] 코그 로드 완료: autoguest.py
[2025-07-07 12:35:11] [INFO] [bot] 코그 로드 완료: clanstats.py
[2025-07-07 12:35:11] [INFO] [bot] 코그 로드 완료: interview.py
[2025-07-07 12:35:11] [INFO] [bot] 코그 로드 완료: leaderboard.py
[2025-07-11 02:51:25] [INFO] [bot] ✅ Database pool created successfully.
[2025-07-11 02:51:25] [INFO] [bot] 코그 로드 완료: autoguest.py
[2025-07-11 02:51:25] [INFO] [bot] 코그 로드 완료: clanstats.py
[2025-07-11 02:51:25] [INFO] [bot] 코그 로드 완료: interview.py
[2025-07-11 02:51:25] [INFO] [bot] 코그 로드 완료: leaderboard.py
[2025-07-11 02:53:54] [INFO] [bot] ✅ Database pool created successfully.
[2025-07-11 02:53:54] [INFO] [bot] 코그 로드 완료: autoguest.py
[2025-07-11 02:53:54] [INFO] [bot] 코그 로드 완료: clanstats.py
[2025-07-11 02:53:54] [INFO] [bot] 코그 로드 완료: interview.py
[2025-07-11 02:53:54] [INFO] [bot] 코그 로드 완료: leaderboard.py
[2025-07-11 02:59:15] [INFO] [bot] ✅ Database pool created successfully.
[2025-07-11 02:59:15] [INFO] [bot] 코그 로드 완료: autoguest.py
[2025-07-11 02:59:15] [INFO] [bot] 코그 로드 완료: clanstats.py
[2025-07-11 02:59:15] [INFO] [bot] 코그 로드 완료: interview.py
[2025-07-11 02:59:15] [INFO] [bot] 코그 로드 완료: leaderboard.py
[2025-07-11 03:00:52] [INFO] [bot] ✅ Database pool created successfully.
[2025-07-11 03:00:52] [INFO] [bot] 코그 로드 완료: autoguest.py
[2025-07-11 03:00:52] [INFO] [bot] 코그 로드 완료: clanstats.py
[2025-07-11 03:00:52] [INFO] [bot] 코그 로드 완료: interview.py
[2025-07-11 03:00:52] [INFO] [bot] 코그 로드 완료: leaderboard.py
[2025-07-11 03:05:16] [INFO] [bot] ✅ Database pool created successfully.
[2025-07-11 03:05:16] [INFO] [bot] 코그 로드 완료: autoguest.py
[2025-07-11 03:05:16] [INFO] [bot] 코그 로드 완료: clanstats.py
[2025-07-11 03:05:16] [INFO] [bot] 코그 로드 완료: interview.py
[2025-07-11 03:05:16] [INFO] [bot] 코그 로드 완료: leaderboard.py
[2025-07-11 03:05:29] [INFO] [bot] ✅ Database pool created successfully.
[2025-07-11 03:05:29] [INFO] [bot] 코그 로드 완료: autoguest.py
[2025-07-11 03:05:29] [INFO] [bot] 코그 로드 완료: clanstats.py
[2025-07-11 03:05:29] [INFO] [bot] 코그 로드 완료: interview.py
[2025-07-11 03:05:29] [INFO] [bot] 코그 로드 완료: leaderboard.py
[2025-07-11 03:06:16] [INFO] [bot] ✅ Database pool created successfully.
[2025-07-11 03:06:16] [INFO] [bot] 코그 로드 완료: autoguest.py
[2025-07-11 03:06:16] [INFO] [bot] 코그 로드 완료: clanstats.py
[2025-07-11 03:06:16] [INFO] [bot] 코그 로드 완료: interview.py
[2025-07-11 03:06:16] [INFO] [bot] 코그 로드 완료: leaderboard.py
[2025-07-11 03:08:31] [INFO] [bot] ✅ Database pool created successfully.
[2025-07-11 03:08:31] [INFO] [bot] 코그 로드 완료: autoguest.py
[2025-07-11 03:08:31] [INFO] [bot] 코그 로드 완료: clanstats.py
[2025-07-11 03:08:31] [INFO] [bot] 코그 로드 완료: interview.py
[2025-07-11 03:08:31] [INFO] [bot] 코그 로드 완료: leaderboard.py
